Requirement already satisfied: pandas in /home/jds7480/.local/lib/python3.6/site-packages (0.25.3)
Requirement already satisfied: numpy>=1.13.3 in /home/jds7480/.local/lib/python3.6/site-packages (from pandas) (1.19.2)
Requirement already satisfied: pytz>=2017.2 in /home/jds7480/.local/lib/python3.6/site-packages (from pandas) (2020.1)
Requirement already satisfied: python-dateutil>=2.6.1 in /home/jds7480/.local/lib/python3.6/site-packages (from pandas) (2.8.1)
Requirement already satisfied: six>=1.5 in /home/jds7480/.local/lib/python3.6/site-packages (from python-dateutil>=2.6.1->pandas) (1.15.0)
Requirement already satisfied: pandasql in /home/jds7480/.local/lib/python3.6/site-packages (0.7.3)
Requirement already satisfied: numpy in /home/jds7480/.local/lib/python3.6/site-packages (from pandasql) (1.19.2)
Requirement already satisfied: pandas in /home/jds7480/.local/lib/python3.6/site-packages (from pandasql) (0.25.3)
Requirement already satisfied: sqlalchemy in /home/jds7480/.local/lib/python3.6/site-packages (from pandasql) (1.3.17)
Requirement already satisfied: python-dateutil>=2.6.1 in /home/jds7480/.local/lib/python3.6/site-packages (from pandas->pandasql) (2.8.1)
Requirement already satisfied: pytz>=2017.2 in /home/jds7480/.local/lib/python3.6/site-packages (from pandas->pandasql) (2020.1)
Requirement already satisfied: six>=1.5 in /home/jds7480/.local/lib/python3.6/site-packages (from python-dateutil>=2.6.1->pandas->pandasql) (1.15.0)
Requirement already satisfied: pyblp in /home/jds7480/.local/lib/python3.6/site-packages (0.11.0)
Requirement already satisfied: numpy>=1.16.0 in /home/jds7480/.local/lib/python3.6/site-packages (from pyblp) (1.19.2)
Requirement already satisfied: scipy>=1.2.0 in /home/jds7480/.local/lib/python3.6/site-packages (from pyblp) (1.5.0)
Requirement already satisfied: sympy>=1.1.0 in /home/jds7480/.local/lib/python3.6/site-packages (from pyblp) (1.6)
Requirement already satisfied: patsy>=0.5.1 in /home/jds7480/.local/lib/python3.6/site-packages (from pyblp) (0.5.1)
Requirement already satisfied: pyhdfe>=0.1.0 in /home/jds7480/.local/lib/python3.6/site-packages (from pyblp) (0.1.0)
Requirement already satisfied: mpmath>=0.19 in /hpc/software/anaconda3.6/lib/python3.6/site-packages (from sympy>=1.1.0->pyblp) (0.19)
Requirement already satisfied: six in /home/jds7480/.local/lib/python3.6/site-packages (from patsy>=0.5.1->pyblp) (1.15.0)
Requirement already satisfied: linearmodels in /home/jds7480/.local/lib/python3.6/site-packages (4.17)
Requirement already satisfied: pandas>=0.23 in /home/jds7480/.local/lib/python3.6/site-packages (from linearmodels) (0.25.3)
Requirement already satisfied: property-cached>=1.6.3 in /home/jds7480/.local/lib/python3.6/site-packages (from linearmodels) (1.6.4)
Requirement already satisfied: Cython>=0.29.14 in /home/jds7480/.local/lib/python3.6/site-packages (from linearmodels) (0.29.20)
Requirement already satisfied: mypy-extensions>=0.4 in /home/jds7480/.local/lib/python3.6/site-packages (from linearmodels) (0.4.3)
Requirement already satisfied: numpy>=1.15 in /home/jds7480/.local/lib/python3.6/site-packages (from linearmodels) (1.19.2)
Requirement already satisfied: patsy in /home/jds7480/.local/lib/python3.6/site-packages (from linearmodels) (0.5.1)
Requirement already satisfied: statsmodels>=0.9 in /home/jds7480/.local/lib/python3.6/site-packages (from linearmodels) (0.11.1)
Requirement already satisfied: scipy>=1 in /home/jds7480/.local/lib/python3.6/site-packages (from linearmodels) (1.5.0)
Requirement already satisfied: pytz>=2017.2 in /home/jds7480/.local/lib/python3.6/site-packages (from pandas>=0.23->linearmodels) (2020.1)
Requirement already satisfied: python-dateutil>=2.6.1 in /home/jds7480/.local/lib/python3.6/site-packages (from pandas>=0.23->linearmodels) (2.8.1)
Requirement already satisfied: six in /home/jds7480/.local/lib/python3.6/site-packages (from patsy->linearmodels) (1.15.0)
Requirement already satisfied: pyhdfe in /home/jds7480/.local/lib/python3.6/site-packages (0.1.0)
Requirement already satisfied: numpy>=1.12.0 in /home/jds7480/.local/lib/python3.6/site-packages (from pyhdfe) (1.19.2)
Requirement already satisfied: scipy>=1.0.0 in /home/jds7480/.local/lib/python3.6/site-packages (from pyhdfe) (1.5.0)
