This is pdfTeX, Version 3.1415926-2.5-1.40.14 (TeX Live 2013) (format=pdflatex 2020.5.5)  7 MAY 2020 19:23
entering extended mode
 restricted \write18 enabled.
 %&-line parsing enabled.
**\documentclass{report}

*                      \usepackage{booktabs}
(/usr/share/texlive/texmf-dist/tex/latex/base/report.cls
Document Class: report 2007/10/19 v1.4h Standard LaTeX document class
(/usr/share/texlive/texmf-dist/tex/latex/base/size10.clo
File: size10.clo 2007/10/19 v1.4h Standard LaTeX file (size option)
)
\c@part=\count79
\c@chapter=\count80
\c@section=\count81
\c@subsection=\count82
\c@subsubsection=\count83
\c@paragraph=\count84
\c@subparagraph=\count85
\c@figure=\count86
\c@table=\count87
\abovecaptionskip=\skip41
\belowcaptionskip=\skip42
\bibindent=\dimen102
)
*                      \begin{document}\begin{center}
(/usr/share/texlive/texmf-dist/tex/latex/booktabs/booktabs.sty
Package: booktabs 2005/04/14 v1.61803 publication quality tables
\heavyrulewidth=\dimen103
\lightrulewidth=\dimen104
\cmidrulewidth=\dimen105
\belowrulesep=\dimen106
\belowbottomsep=\dimen107
\aboverulesep=\dimen108
\abovetopsep=\dimen109
\cmidrulesep=\dimen110
\cmidrulekern=\dimen111
\defaultaddspace=\dimen112
\@cmidla=\count88
\@cmidlb=\count89
\@aboverulesep=\dimen113
\@belowrulesep=\dimen114
\@thisruleclass=\count90
\@lastruleclass=\count91
\@thisrulewidth=\dimen115
)
No file file.aux.
\openout1 = `file.aux'.

LaTeX Font Info:    Checking defaults for OML/cmm/m/it on input line 0.
LaTeX Font Info:    ... okay on input line 0.
LaTeX Font Info:    Checking defaults for T1/cmr/m/n on input line 0.
LaTeX Font Info:    ... okay on input line 0.
LaTeX Font Info:    Checking defaults for OT1/cmr/m/n on input line 0.
LaTeX Font Info:    ... okay on input line 0.
LaTeX Font Info:    Checking defaults for OMS/cmsy/m/n on input line 0.
LaTeX Font Info:    ... okay on input line 0.
LaTeX Font Info:    Checking defaults for OMX/cmex/m/n on input line 0.
LaTeX Font Info:    ... okay on input line 0.
LaTeX Font Info:    Checking defaults for U/cmr/m/n on input line 0.
LaTeX Font Info:    ... okay on input line 0.

*\begin{tabular}{lclc}
LaTeX Font Info:    External font `cmex10' loaded for size
(Font)              <7> on input line 0.
LaTeX Font Info:    External font `cmex10' loaded for size
(Font)              <5> on input line 0.

*\toprule

*\textbf{Dep. Variable:}                          & log\_adjusted\_price & \tex
tbf{  R-squared:         }   &      0.0226      \\

*\textbf{Estimator:}                              &       PanelOLS       & \tex
tbf{  R-squared (Between):}  &      0.0006      \\

*\textbf{No. Observations:}                       &       1044078        & \tex
tbf{  R-squared (Within):}   &      0.0226      \\

*\textbf{Date:}                                   &   Thu, May 07 2020   & \tex
tbf{  R-squared (Overall):}  &      0.0014      \\

*\textbf{Time:}                                   &       18:53:10       & \tex
tbf{  Log-likelihood     }   &    1.077e+06     \\

*\textbf{Cov. Estimator:}                         &      Clustered       & \tex
tbf{                     }   &                  \\

*\textbf{}                                        &                      & \tex
tbf{  F-statistic:       }   &      4385.0      \\

*\textbf{Entities:}                               &        96685         & \tex
tbf{  P-value            }   &      0.0000      \\

*\textbf{Avg Obs:}                                &        10.799        & \tex
tbf{  Distribution:      }   &   F(5,947388)    \\

*\textbf{Min Obs:}                                &        1.0000        & \tex
tbf{                     }   &                  \\

*\textbf{Max Obs:}                                &        16.000        & \tex
tbf{  F-statistic (robust):} &      260.31      \\

*\textbf{}                                        &                      & \tex
tbf{  P-value            }   &      0.0000      \\

*\textbf{Time periods:}                           &          16          & \tex
tbf{  Distribution:      }   &   F(5,947388)    \\

*\textbf{Avg Obs:}                                &      6.525e+04       & \tex
tbf{                     }   &                  \\

*\textbf{Min Obs:}                                &       5.29e+04       & \tex
tbf{                     }   &                  \\

*\textbf{Max Obs:}                                &      7.137e+04       & \tex
tbf{                     }   &                  \\

*\bottomrule

*\end{tabular}

*\begin{tabular}{lcccccc}

*                                                 & \textbf{Parameter} & \textb
f{Std. Err.} & \textbf{T-stat} & \textbf{P-value} & \textbf{Lower CI} & \textbf
{Upper CI}  \\

*\midrule

*\textbf{const}                                   &      -2.9530       &       
0.1426       &     -20.706     &      0.0000      &      -3.2325      &      -2
.6735       \\

*\textbf{involvedpostmerger}                      &       0.0127       &       
0.0010       &      12.456     &      0.0000      &       0.0107      &       0
.0148       \\

*\textbf{postmerger}                              &       0.0162       &       
0.0009       &      17.985     &      0.0000      &       0.0144      &       0
.0180       \\

*\textbf{quarter\_since\_start}                   &     -9.909e-05     &       
0.0002       &     -0.5519     &      0.5810      &      -0.0005      &       0
.0003       \\

*\textbf{log\_employment\_rate}                   &      -0.2971       &       
0.0298       &     -9.9606     &      0.0000      &      -0.3555      &      -0
.2386       \\

*\textbf{log\_adjusted\_hhinc\_per\_person\_mean} &       0.0442       &       
0.0133       &      3.3152     &      0.0009      &       0.0181      &       0
.0703       \\

*\bottomrule

*\end{tabular}

*%\caption{PanelOLS Estimation Summary}

*\end{center}

Overfull \hbox (40.03119pt too wide) detected at line 0
 [] 
 []


Overfull \hbox (183.89508pt too wide) detected at line 0
 [] 
 []


*
(Please type a command or say `\end')
*F-test for Poolability: 179.57 \newline

* P-value: 0.0000 \newline

* Distribution: F(96684,947388) \newline

*  \newline

* Included effects: Entity\end{document}

Underfull \hbox (badness 10000) detected at line 0

 []

[1

{/usr/share/texlive/texmf/fonts/map/pdftex/updmap/pdftex.map}]
(/tmp/tmpfkoc4mh1/file.aux) 
Here is how much of TeX's memory you used:
 284 strings out of 495063
 3219 string characters out of 3182202
 52832 words of memory out of 3000000
 3550 multiletter control sequences out of 15000+200000
 3948 words of font info for 15 fonts, out of 3000000 for 9000
 14 hyphenation exceptions out of 8191
 22i,7n,17p,192b,182s stack positions out of 5000i,500n,10000p,200000b,50000s
</usr/share/texlive/texmf-dist/fonts/type1/public/am
sfonts/cm/cmbx10.pfb></usr/share/texlive/texmf-dist/fonts/type1/public/amsfonts
/cm/cmr10.pfb>
Output written on /tmp/tmpfkoc4mh1/file.pdf (1 page, 38378 bytes).
PDF statistics:
 16 PDF objects out of 1000 (max. 8388607)
 10 compressed objects within 1 object stream
 0 named destinations out of 1000 (max. 500000)
 1 words of extra memory for PDF output out of 10000 (max. 10000000)

