This is pdfTeX, Version 3.1415926-2.5-1.40.14 (TeX Live 2013) (format=pdflatex 2020.5.5)  7 MAY 2020 19:23
entering extended mode
 restricted \write18 enabled.
 %&-line parsing enabled.
**\documentclass{report}

*                      \usepackage{booktabs}
(/usr/share/texlive/texmf-dist/tex/latex/base/report.cls
Document Class: report 2007/10/19 v1.4h Standard LaTeX document class
(/usr/share/texlive/texmf-dist/tex/latex/base/size10.clo
File: size10.clo 2007/10/19 v1.4h Standard LaTeX file (size option)
)
\c@part=\count79
\c@chapter=\count80
\c@section=\count81
\c@subsection=\count82
\c@subsubsection=\count83
\c@paragraph=\count84
\c@subparagraph=\count85
\c@figure=\count86
\c@table=\count87
\abovecaptionskip=\skip41
\belowcaptionskip=\skip42
\bibindent=\dimen102
)
*                      \begin{document}\begin{center}
(/usr/share/texlive/texmf-dist/tex/latex/booktabs/booktabs.sty
Package: booktabs 2005/04/14 v1.61803 publication quality tables
\heavyrulewidth=\dimen103
\lightrulewidth=\dimen104
\cmidrulewidth=\dimen105
\belowrulesep=\dimen106
\belowbottomsep=\dimen107
\aboverulesep=\dimen108
\abovetopsep=\dimen109
\cmidrulesep=\dimen110
\cmidrulekern=\dimen111
\defaultaddspace=\dimen112
\@cmidla=\count88
\@cmidlb=\count89
\@aboverulesep=\dimen113
\@belowrulesep=\dimen114
\@thisruleclass=\count90
\@lastruleclass=\count91
\@thisrulewidth=\dimen115
)
No file file.aux.
\openout1 = `file.aux'.

LaTeX Font Info:    Checking defaults for OML/cmm/m/it on input line 0.
LaTeX Font Info:    ... okay on input line 0.
LaTeX Font Info:    Checking defaults for T1/cmr/m/n on input line 0.
LaTeX Font Info:    ... okay on input line 0.
LaTeX Font Info:    Checking defaults for OT1/cmr/m/n on input line 0.
LaTeX Font Info:    ... okay on input line 0.
LaTeX Font Info:    Checking defaults for OMS/cmsy/m/n on input line 0.
LaTeX Font Info:    ... okay on input line 0.
LaTeX Font Info:    Checking defaults for OMX/cmex/m/n on input line 0.
LaTeX Font Info:    ... okay on input line 0.
LaTeX Font Info:    Checking defaults for U/cmr/m/n on input line 0.
LaTeX Font Info:    ... okay on input line 0.

*\begin{tabular}{lclc}
LaTeX Font Info:    External font `cmex10' loaded for size
(Font)              <7> on input line 0.
LaTeX Font Info:    External font `cmex10' loaded for size
(Font)              <5> on input line 0.

*\toprule

*\textbf{Dep. Variable:}                          & log\_adjusted\_price & \tex
tbf{  R-squared:         }   &      0.0283      \\

*\textbf{Estimator:}                              &       PanelOLS       & \tex
tbf{  R-squared (Between):}  &      0.0034      \\

*\textbf{No. Observations:}                       &       2966826        & \tex
tbf{  R-squared (Within):}   &      0.0283      \\

*\textbf{Date:}                                   &   Thu, May 07 2020   & \tex
tbf{  R-squared (Overall):}  &      0.0050      \\

*\textbf{Time:}                                   &       19:12:30       & \tex
tbf{  Log-likelihood     }   &    3.223e+06     \\

*\textbf{Cov. Estimator:}                         &      Clustered       & \tex
tbf{                     }   &                  \\

*\textbf{}                                        &                      & \tex
tbf{  F-statistic:       }   &    1.674e+04     \\

*\textbf{Entities:}                               &        96569         & \tex
tbf{  P-value            }   &      0.0000      \\

*\textbf{Avg Obs:}                                &        30.722        & \tex
tbf{  Distribution:      }   &   F(5,2870252)   \\

*\textbf{Min Obs:}                                &        1.0000        & \tex
tbf{                     }   &                  \\

*\textbf{Max Obs:}                                &        48.000        & \tex
tbf{  F-statistic (robust):} &      259.75      \\

*\textbf{}                                        &                      & \tex
tbf{  P-value            }   &      0.0000      \\

*\textbf{Time periods:}                           &          48          & \tex
tbf{  Distribution:      }   &   F(5,2870252)   \\

*\textbf{Avg Obs:}                                &      6.181e+04       & \tex
tbf{                     }   &                  \\

*\textbf{Min Obs:}                                &      4.981e+04       & \tex
tbf{                     }   &                  \\

*\textbf{Max Obs:}                                &      6.812e+04       & \tex
tbf{                     }   &                  \\

*\bottomrule

*\end{tabular}

*\begin{tabular}{lcccccc}

*                                                 & \textbf{Parameter} & \textb
f{Std. Err.} & \textbf{T-stat} & \textbf{P-value} & \textbf{Lower CI} & \textbf
{Upper CI}  \\

*\midrule

*\textbf{const}                                   &      -3.0846       &       
0.1356       &     -22.746     &      0.0000      &      -3.3504      &      -2
.8188       \\

*\textbf{DHHIpostmerger}                          &       1.1262       &       
0.2413       &      4.6678     &      0.0000      &       0.6533      &       1
.5991       \\

*\textbf{postmerger}                              &       0.0039       &       
0.0037       &      1.0808     &      0.2798      &      -0.0032      &       0
.0111       \\

*\textbf{month\_since\_start}                     &     8.367e-06      &     5.
787e-05      &      0.1446     &      0.8850      &      -0.0001      &       0
.0001       \\

*\textbf{log\_employment\_rate}                   &      -0.3181       &       
0.0289       &     -11.017     &      0.0000      &      -0.3747      &      -0
.2615       \\

*\textbf{log\_adjusted\_hhinc\_per\_person\_mean} &       0.0563       &       
0.0127       &      4.4374     &      0.0000      &       0.0314      &       0
.0811       \\

*\bottomrule

*\end{tabular}

*%\caption{PanelOLS Estimation Summary}

*\end{center}

Overfull \hbox (45.0312pt too wide) detected at line 0
 [] 
 []


Overfull \hbox (183.89508pt too wide) detected at line 0
 [] 
 []


*
(Please type a command or say `\end')
*F-test for Poolability: 600.74 \newline

* P-value: 0.0000 \newline

* Distribution: F(96568,2870252) \newline

*  \newline

* Included effects: Entity\end{document}

Underfull \hbox (badness 10000) detected at line 0

 []

[1

{/usr/share/texlive/texmf/fonts/map/pdftex/updmap/pdftex.map}]
(/tmp/tmpglv23hdq/file.aux) 
Here is how much of TeX's memory you used:
 284 strings out of 495063
 3219 string characters out of 3182202
 52832 words of memory out of 3000000
 3550 multiletter control sequences out of 15000+200000
 3948 words of font info for 15 fonts, out of 3000000 for 9000
 14 hyphenation exceptions out of 8191
 22i,7n,17p,192b,182s stack positions out of 5000i,500n,10000p,200000b,50000s
</usr/share/texlive/texmf-dist/fonts/type1/public/am
sfonts/cm/cmbx10.pfb></usr/share/texlive/texmf-dist/fonts/type1/public/amsfonts
/cm/cmr10.pfb>
Output written on /tmp/tmpglv23hdq/file.pdf (1 page, 38694 bytes).
PDF statistics:
 16 PDF objects out of 1000 (max. 8388607)
 10 compressed objects within 1 object stream
 0 named destinations out of 1000 (max. 500000)
 1 words of extra memory for PDF output out of 10000 (max. 10000000)

