CANDY
  dma_code_month  dma_code           owner initial  ... time     sugar  cocoa_beans
0     529 200601       529  Spangler Candy Company  ...    0  0.455319     2.042433
1     529 200603       529  Spangler Candy Company  ...    2  0.490636     2.001277
3     618 200601       618  Spangler Candy Company  ...    0  0.455319     2.042433
4     640 200602       640  Spangler Candy Company  ...    1  0.519318     2.012356
6     693 200603       693  Spangler Candy Company  ...    2  0.490636     2.001277

[5 rows x 11 columns]
  dma_code_month  dma_code  ...     sugar cocoa_beans
0     529 200601       529  ...  0.455319    2.042433
1     529 200603       529  ...  0.490636    2.001277
3     618 200601       618  ...  0.455319    2.042433
4     640 200602       640  ...  0.519318    2.012356
6     693 200603       693  ...  0.490636    2.001277

[5 rows x 12 columns]
Initializing the problem ...
Absorbing demand-side fixed effects ...
Initialized the problem after 00:05:21.

Dimensions:
==========================================
 T       N       F    K1    MD    ED    H 
----  --------  ---  ----  ----  ----  ---
5740  15581618  89    2     5     2     2 
==========================================

Formulations:
========================================
     Column Indices:          0      1  
--------------------------  ------  ----
X1: Linear Characteristics  prices  time
========================================
Solving the problem ...

Rho Initial Values:
=============
 All Groups  
-------------
+7.000000E-01
=============

Rho Lower Bounds:
=============
 All Groups  
-------------
+0.000000E+00
=============

Rho Upper Bounds:
=============
 All Groups  
-------------
+9.900000E-01
=============

Starting optimization ...

GMM   Optimization   Objective   Fixed Point  Contraction    Objective      Objective      Projected                 
Step   Iterations   Evaluations  Iterations   Evaluations      Value       Improvement   Gradient Norm      Theta    
----  ------------  -----------  -----------  -----------  -------------  -------------  -------------  -------------
 1         0             1            0            0       +2.043368E+05                 +6.644395E+03  +7.000000E-01
 1         0             2            0            0       +2.037306E+05  +6.061806E+02  +2.463839E+03  +9.900000E-01
 1         1             3            0            0       +2.036340E+05  +9.664035E+01  +5.330459E-08  +9.115530E-01
 1         2             4            0            0       +2.036340E+05  +2.025627E-08  +1.738640E-08  +9.115530E-01
 1         3             5            0            0       +2.036340E+05                 +1.049999E-08  +9.115530E-01
 1         3             6            0            0       +2.036340E+05                 +1.738640E-08  +9.115530E-01
 1         3             7            0            0       +2.036340E+05  +2.240995E-09  +1.476203E-08  +9.115530E-01
 1         4             8            0            0       +2.036340E+05                 +4.812481E-08  +9.115530E-01
 1         4             9            0            0       +2.036340E+05                 +1.476203E-08  +9.115530E-01
 1         4            10            0            0       +2.036340E+05                 +2.264569E-08  +9.115530E-01
 1         4            11            0            0       +2.036340E+05                 +1.476203E-08  +9.115530E-01
 1         4            12            0            0       +2.036340E+05                 +4.544907E-10  +9.115530E-01
 1         4            13            0            0       +2.036340E+05                 +1.476203E-08  +9.115530E-01
 1         4            14            0            0       +2.036340E+05                 +1.284065E-08  +9.115530E-01
 1         4            15            0            0       +2.036340E+05                 +1.476203E-08  +9.115530E-01
 1         4            16            0            0       +2.036340E+05                 +1.009139E-08  +9.115530E-01
 1         4            17            0            0       +2.036340E+05                 +1.476203E-08  +9.115530E-01
 1         4            18            0            0       +2.036340E+05                 +1.227162E-08  +9.115530E-01
 1         4            19            0            0       +2.036340E+05                 +1.476203E-08  +9.115530E-01
 1         4            20            0            0       +2.036340E+05                 +1.409229E-08  +9.115530E-01
 1         4            21            0            0       +2.036340E+05                 +1.476203E-08  +9.115530E-01
 1         4            22            0            0       +2.036340E+05                 +4.636429E-04  +9.115530E-01
 1         4            23            0            0       +2.036340E+05                 +1.476203E-08  +9.115530E-01
 1         4            24            0            0       +2.036340E+05                 +2.318676E-04  +9.115530E-01
 1         4            25            0            0       +2.036340E+05                 +1.476203E-08  +9.115530E-01
 1         4            26            0            0       +2.036340E+05                 +1.846798E-08  +9.115530E-01
 1         4            27            0            0       +2.036340E+05                 +1.476203E-08  +9.115530E-01
 1         4            28            0            0       +2.036340E+05                 +1.846798E-08  +9.115530E-01
 1         4            29            0            0       +2.036340E+05                 +1.476203E-08  +9.115530E-01

Optimization completed after 36:56:04.
Computing the Hessian and and updating the weighting matrix ...
Computed results after 03:48:24.

Problem Results Summary:
===================================================================
GMM     Objective      Projected       Reduced     Weighting Matrix
Step      Value      Gradient Norm     Hessian     Condition Number
----  -------------  -------------  -------------  ----------------
 1    +2.036340E+05  +1.476203E-08  +3.140856E+04   +1.253266E+08  
===================================================================

Starting optimization ...

GMM   Optimization   Objective   Fixed Point  Contraction    Objective      Objective      Projected                 
Step   Iterations   Evaluations  Iterations   Evaluations      Value       Improvement   Gradient Norm      Theta    
----  ------------  -----------  -----------  -----------  -------------  -------------  -------------  -------------
 2         0             1            0            0       +1.615284E+04                 +4.969483E+02  +9.115530E-01
 2         0             2            0            0       +1.611980E+04  +3.303929E+01  +0.000000E+00  +9.900000E-01

Optimization completed after 02:32:04.
Computing the Hessian and estimating standard errors ...
Computed results after 03:48:05.

Problem Results Summary:
======================================================================================
GMM     Objective      Projected       Reduced     Weighting Matrix  Covariance Matrix
Step      Value      Gradient Norm     Hessian     Condition Number  Condition Number 
----  -------------  -------------  -------------  ----------------  -----------------
 2    +1.611980E+04  +0.000000E+00  +0.000000E+00   +1.643416E+08      +3.120607E+06  
======================================================================================

Cumulative Statistics:
======================================
Computation  Optimization   Objective 
   Time       Iterations   Evaluations
-----------  ------------  -----------
 47:04:37         6            33     
======================================

Rho Estimates (Robust SEs in Parentheses):
===============
  All Groups   
---------------
 +9.900000E-01 
(+3.195132E-02)
===============

Beta Estimates (Robust SEs in Parentheses):
================================
    prices            time      
---------------  ---------------
 +9.915841E+00    +3.557464E-02 
(+2.093824E-01)  (+1.588052E-03)
================================
Problem Results Summary:
======================================================================================
GMM     Objective      Projected       Reduced     Weighting Matrix  Covariance Matrix
Step      Value      Gradient Norm     Hessian     Condition Number  Condition Number 
----  -------------  -------------  -------------  ----------------  -----------------
 2    +1.611980E+04  +0.000000E+00  +0.000000E+00   +1.643416E+08      +3.120607E+06  
======================================================================================

Cumulative Statistics:
======================================
Computation  Optimization   Objective 
   Time       Iterations   Evaluations
-----------  ------------  -----------
 47:04:37         6            33     
======================================

Rho Estimates (Robust SEs in Parentheses):
===============
  All Groups   
---------------
 +9.900000E-01 
(+3.195132E-02)
===============

Beta Estimates (Robust SEs in Parentheses):
================================
    prices            time      
---------------  ---------------
 +9.915841E+00    +3.557464E-02 
(+2.093824E-01)  (+1.588052E-03)
================================
