  dma_code_month  dma_code           owner initial  ... time     sugar  cocoa_beans
0     529 200601       529  Spangler Candy Company  ...    0  0.455319     2.042433
1     529 200603       529  Spangler Candy Company  ...    2  0.490636     2.001277
3     618 200601       618  Spangler Candy Company  ...    0  0.455319     2.042433
4     640 200602       640  Spangler Candy Company  ...    1  0.519318     2.012356
6     693 200603       693  Spangler Candy Company  ...    2  0.490636     2.001277

[5 rows x 11 columns]
Initializing the problem ...
Absorbing demand-side fixed effects ...
Initialized the problem after 00:05:15.

Dimensions:
==========================================
 T       N       F    K1    MD    ED    H 
----  --------  ---  ----  ----  ----  ---
5740  15581618  89    2     5     2     1 
==========================================

Formulations:
========================================
     Column Indices:          0      1  
--------------------------  ------  ----
X1: Linear Characteristics  prices  time
========================================
Solving the problem ...

Rho Initial Values:
=============
 All Groups  
-------------
+7.000000E-01
=============

Rho Lower Bounds:
=============
 All Groups  
-------------
+0.000000E+00
=============

Rho Upper Bounds:
=============
 All Groups  
-------------
+9.900000E-01
=============

Starting optimization ...

GMM   Optimization   Objective   Fixed Point  Contraction    Objective      Objective      Projected                 
Step   Iterations   Evaluations  Iterations   Evaluations      Value       Improvement   Gradient Norm      Theta    
----  ------------  -----------  -----------  -----------  -------------  -------------  -------------  -------------
 1         0             1            0            0       +2.282021E+05                 +8.253443E+04  +7.000000E-01
 1         0             2            0            0       +2.056586E+05  +2.254355E+04  +0.000000E+00  +9.900000E-01

Optimization completed after 02:13:02.
Computing the Hessian and and updating the weighting matrix ...
Computed results after 03:14:48.

Problem Results Summary:
===================================================================
GMM     Objective      Projected       Reduced     Weighting Matrix
Step      Value      Gradient Norm     Hessian     Condition Number
----  -------------  -------------  -------------  ----------------
 1    +2.056586E+05  +0.000000E+00  +0.000000E+00   +1.257779E+08  
===================================================================

Starting optimization ...

GMM   Optimization   Objective   Fixed Point  Contraction    Objective      Objective      Projected                 
Step   Iterations   Evaluations  Iterations   Evaluations      Value       Improvement   Gradient Norm      Theta    
----  ------------  -----------  -----------  -----------  -------------  -------------  -------------  -------------
 2         0             1            0            0       +1.377803E+04                 +0.000000E+00  +9.900000E-01

Optimization completed after 01:05:31.
Computing the Hessian and estimating standard errors ...
Computed results after 03:22:55.

Problem Results Summary:
======================================================================================
GMM     Objective      Projected       Reduced     Weighting Matrix  Covariance Matrix
Step      Value      Gradient Norm     Hessian     Condition Number  Condition Number 
----  -------------  -------------  -------------  ----------------  -----------------
 2    +1.377803E+04  +0.000000E+00  +0.000000E+00   +1.646313E+08      +1.429786E+06  
======================================================================================

Cumulative Statistics:
======================================
Computation  Optimization   Objective 
   Time       Iterations   Evaluations
-----------  ------------  -----------
 09:56:16         1             5     
======================================

Rho Estimates (Robust SEs in Parentheses):
===============
  All Groups   
---------------
 +9.900000E-01 
(+2.929327E-02)
===============

Beta Estimates (Robust SEs in Parentheses):
================================
    prices            time      
---------------  ---------------
 +1.014185E+01    +3.606248E-02 
(+1.430897E-01)  (+1.341884E-03)
================================
Problem Results Summary:
======================================================================================
GMM     Objective      Projected       Reduced     Weighting Matrix  Covariance Matrix
Step      Value      Gradient Norm     Hessian     Condition Number  Condition Number 
----  -------------  -------------  -------------  ----------------  -----------------
 2    +1.377803E+04  +0.000000E+00  +0.000000E+00   +1.646313E+08      +1.429786E+06  
======================================================================================

Cumulative Statistics:
======================================
Computation  Optimization   Objective 
   Time       Iterations   Evaluations
-----------  ------------  -----------
 09:56:16         1             5     
======================================

Rho Estimates (Robust SEs in Parentheses):
===============
  All Groups   
---------------
 +9.900000E-01 
(+2.929327E-02)
===============

Beta Estimates (Robust SEs in Parentheses):
================================
    prices            time      
---------------  ---------------
 +1.014185E+01    +3.606248E-02 
(+1.430897E-01)  (+1.341884E-03)
================================
