['2007' '2008' '2006']
(1721493, 38)
Index(['Unnamed: 0', 'upc', 'dma_code', 'month', 'volume', 'price',
       'size1_amount', 'size1_units', 'brand_descr', 'owner initial',
       'owner last', 'y-m-d', 'year', '# month', 'market_size',
       'market_size_DMA', 'market_share', 'postmerger', 'month_since_start',
       'involved', 'involvedpostmerger', 'product-region', 'time', 'cpiu',
       'price_index', 'adjusted_price', 'log_adjusted_price',
       'hhinc_per_person_mean', 'hhinc_per_person_median', 'employment_rate',
       'adjusted_hhinc_per_person_mean', 'log_adjusted_hhinc_per_person_mean',
       'log_employment_rate', 'product', 'upc_dma_code', 'distance', 'y-m',
       'style_descr'],
      dtype='object')
        time     wheat        t
0   7/1/1959  1.954636  1959-07
1   8/3/1959  1.958810  1959-08
2   9/1/1959  1.962905  1959-09
3  10/1/1959  1.981318  1959-10
4  11/2/1959  2.005690  1959-11
       time  barley        t
0  4/1/2000   76.95  2000-04
1  5/1/2000   78.26  2000-05
2  6/1/2000   78.48  2000-06
3  7/1/2000   78.68  2000-07
4  8/1/2000   75.13  2000-08
['dma_code_month', 'adjusted_price', 'market_share', 'y-m', 'upc', 'dma_code', 'owner initial', 'brand_descr', 'distance', 'style_descr', 'wheat', 'barley']
  dma_code_month  adjusted_price  ...     wheat      barley
0      500200601        0.134551  ...  4.356919  134.774562
1      501200601        0.127685  ...  4.356919  134.774562
2      502200601        0.113288  ...  4.356919  134.774562
3      503200601        0.109541  ...  4.356919  134.774562
4      504200601        0.129549  ...  4.356919  134.774562

[5 rows x 12 columns]
  market_ids    prices  ...  demand_instruments0 demand_instruments1
0  500200601  0.134551  ...             4.356919          134.774562
1  501200601  0.127685  ...             4.356919          134.774562
2  502200601  0.113288  ...             4.356919          134.774562
3  503200601  0.109541  ...             4.356919          134.774562
4  504200601  0.129549  ...             4.356919          134.774562

[5 rows x 12 columns]
['811200803' '534200711' '516200712' '673200606' '807200704' '567200708'
 '616200601' '756200701' '698200701' '551200610' '746200604' '566200606'
 '789200805' '632200701' '520200605' '737200610' '609200605' '813200702'
 '757200705' '528200607' '516200610' '519200611' '718200610' '693200705'
 '648200603' '518200801' '588200709' '511200806' '521200803' '810200701'
 '718200703' '551200708' '790200604' '556200806' '613200608' '566200803'
 '506200801' '624200802' '811200806' '598200804' '671200712' '570200803'
 '616200611' '770200710' '736200702' '577200801' '542200612' '521200709'
 '813200802' '532200801' '798200610' '531200805' '530200806' '561200610'
 '613200806' '716200708' '862200703' '567200705' '751200611' '686200607']
    market_ids    prices  ...  demand_instruments0 demand_instruments1
73   616200601  0.128153  ...             4.356919          134.774562
148  616200601  0.049171  ...             4.356919          134.774562
365  616200601  0.093488  ...             4.356919          134.774562
685  616200601  0.057430  ...             4.356919          134.774562
964  616200601  0.078282  ...             4.356919          134.774562

[5 rows x 12 columns]
Initializing the problem ...
Absorbing demand-side fixed effects ...
Detected collinearity issues with [time[Period('2007-10', 'M')], time[Period('2008-04', 'M')], time[Period('2008-05', 'M')]] and at least one other column in X1. Absorbed fixed effects may be creating collinearity problems. To disable collinearity checks, set options.collinear_atol = options.collinear_rtol = 0.
['2007' '2008' '2006']
(1721493, 38)
Index(['Unnamed: 0', 'upc', 'dma_code', 'month', 'volume', 'price',
       'size1_amount', 'size1_units', 'brand_descr', 'owner initial',
       'owner last', 'y-m-d', 'year', '# month', 'market_size',
       'market_size_DMA', 'market_share', 'postmerger', 'month_since_start',
       'involved', 'involvedpostmerger', 'product-region', 'time', 'cpiu',
       'price_index', 'adjusted_price', 'log_adjusted_price',
       'hhinc_per_person_mean', 'hhinc_per_person_median', 'employment_rate',
       'adjusted_hhinc_per_person_mean', 'log_adjusted_hhinc_per_person_mean',
       'log_employment_rate', 'product', 'upc_dma_code', 'distance', 'y-m',
       'style_descr'],
      dtype='object')
        time     wheat        t
0   7/1/1959  1.954636  1959-07
1   8/3/1959  1.958810  1959-08
2   9/1/1959  1.962905  1959-09
3  10/1/1959  1.981318  1959-10
4  11/2/1959  2.005690  1959-11
       time  barley        t
0  4/1/2000   76.95  2000-04
1  5/1/2000   78.26  2000-05
2  6/1/2000   78.48  2000-06
3  7/1/2000   78.68  2000-07
4  8/1/2000   75.13  2000-08
['dma_code_month', 'adjusted_price', 'market_share', 'upc', 'dma_code', 'owner initial', 'brand_descr', 'distance', 'month_since_start', 'style_descr', 'wheat', 'barley']
  dma_code_month  adjusted_price  ...     wheat      barley
0      500200601        0.134551  ...  4.356919  134.774562
1      501200601        0.127685  ...  4.356919  134.774562
2      502200601        0.113288  ...  4.356919  134.774562
3      503200601        0.109541  ...  4.356919  134.774562
4      504200601        0.129549  ...  4.356919  134.774562

[5 rows x 12 columns]
  market_ids    prices  ...  demand_instruments0  demand_instruments1
0  500200601  0.134551  ...             4.356919           134.774562
1  501200601  0.127685  ...             4.356919           134.774562
2  502200601  0.113288  ...             4.356919           134.774562
3  503200601  0.109541  ...             4.356919           134.774562
4  504200601  0.129549  ...             4.356919           134.774562

[5 rows x 12 columns]
['811200803' '534200711' '516200712' '673200606' '807200704' '567200708'
 '616200601' '756200701' '698200701' '551200610' '746200604' '566200606'
 '789200805' '632200701' '520200605' '737200610' '609200605' '813200702'
 '757200705' '528200607' '516200610' '519200611' '718200610' '693200705'
 '648200603' '518200801' '588200709' '511200806' '521200803' '810200701'
 '718200703' '551200708' '790200604' '556200806' '613200608' '566200803'
 '506200801' '624200802' '811200806' '598200804' '671200712' '570200803'
 '616200611' '770200710' '736200702' '577200801' '542200612' '521200709'
 '813200802' '532200801' '798200610' '531200805' '530200806' '561200610'
 '613200806' '716200708' '862200703' '567200705' '751200611' '686200607'
 '558200803' '659200608' '658200802' '702200701' '648200605' '576200605'
 '570200805' '669200803' '710200609' '514200701' '821200806' '767200607'
 '624200702' '540200709' '736200703' '517200709' '571200601' '507200612'
 '616200806' '725200802' '757200706' '558200708' '724200609' '511200805'
 '529200708' '545200801' '539200803' '506200805' '753200706' '722200805'
 '657200709' '519200803' '624200704' '813200701' '770200612' '553200805'
 '553200608' '759200805' '698200607' '521200609' '868200701' '756200612'
 '569200601' '503200802' '517200711' '553200704' '584200705' '641200701'
 '753200704' '656200711' '519200601' '602200607' '631200803' '545200704'
 '825200710' '657200805' '622200609' '509200803' '533200806' '656200606'
 '866200801' '628200710' '612200804' '596200701' '671200608' '584200606'
 '819200702' '505200606' '671200606' '676200706' '546200605' '709200705'
 '702200601' '662200707' '753200703' '736200709' '754200604' '811200612'
 '510200605' '576200608' '724200708' '749200603' '652200802' '502200712'
 '724200804' '563200709' '564200708' '516200710' '560200805' '756200702'
 '756200803' '752200610' '617200801' '524200703' '609200610' '616200607'
 '501200603' '705200604' '760200607' '725200610' '510200602' '605200705'
 '650200803' '513200602' '753200707' '716200709' '622200705' '556200605'
 '821200702' '534200801' '839200612' '522200608' '627200710' '573200703'
 '839200806' '552200607' '514200610' '542200801' '658200801' '523200710'
 '584200608' '510200711' '693200610' '502200805' '648200709' '751200602'
 '625200711' '671200611' '661200801' '722200611' '766200708' '522200707'
 '862200711' '675200710' '647200602' '523200712' '718200603' '820200601'
 '658200704' '643200601' '622200603' '531200704' '669200703' '800200605'
 '500200612' '520200710' '658200607' '766200707' '554200805' '773200806'
 '549200601' '570200606' '532200804' '656200603' '757200803' '627200709'
 '716200803' '597200804' '643200602' '617200708' '610200801' '644200602'
 '642200608' '553200710' '649200801' '698200806' '756200712' '543200708'
 '502200608' '789200609' '535200601' '718200711' '582200801' '881200802'
 '661200704' '635200701' '540200606' '514200706' '527200606' '573200602'
 '538200612' '757200603' '504200608' '725200609' '676200611' '705200802'
 '682200709' '671200803' '533200604' '881200806' '736200612' '828200707'
 '623200708' '588200703' '577200709' '514200704' '678200709' '570200712'
 '555200606' '811200609' '811200601' '671200601' '634200806' '603200610'
 '537200611' '639200701' '724200601' '679200602' '596200706' '532200704'
 '625200705' '518200805' '600200605' '531200705' '631200805' '825200704'
 '711200712' '546200702' '619200609' '819200612' '736200802' '546200607'
 '612200805' '656200605' '722200711' '609200705' '560200606' '798200711'
 '754200610' '656200612' '561200709' '803200612' '536200612' '560200612'
 '600200805' '676200801' '510200604' '549200604' '625200802' '524200604'
 '821200610' '813200705']
   market_ids    prices  ...  demand_instruments0  demand_instruments1
17  519200601  0.126581  ...             4.356919           134.774562
29  535200601  0.110303  ...             4.356919           134.774562
41  549200601  0.114914  ...             4.356919           134.774562
55  569200601  0.133170  ...             4.356919           134.774562
57  571200601  0.137359  ...             4.356919           134.774562

[5 rows x 12 columns]
Initializing the problem ...
Failed to load data for 'time'.
    0 + prices + time
    ^^^^^^^^^^^^^^^^^
