/home/zcw7438/.local/lib/python3.6/site-packages/pandas/compat/_optional.py:106: UserWarning: Pandas requires version '1.2.1' or newer of 'bottleneck' (version '1.2.0' currently installed).
  warnings.warn(msg, UserWarning)
  dma_code_quarter  dma_code  ...    sugar cocoa_beans
0       529 2006Q1       529  ...  0.48845     2.01864
2       618 2006Q1       618  ...  0.48845     2.01864
3       640 2006Q1       640  ...  0.48845     2.01864
5       693 2006Q1       693  ...  0.48845     2.01864
6       789 2006Q1       789  ...  0.48845     2.01864

[5 rows x 11 columns]
Initializing the problem ...
Absorbing demand-side fixed effects ...
Initialized the problem after 00:01:52.

Dimensions:
====================================
 T       N      F    K1    MD    ED 
----  -------  ---  ----  ----  ----
1845  6200630  89    2     4     2  
====================================

Formulations:
========================================
     Column Indices:          0      1  
--------------------------  ------  ----
X1: Linear Characteristics  prices  time
========================================
Dimensions:
====================================
 T       N      F    K1    MD    ED 
----  -------  ---  ----  ----  ----
1845  6200630  89    2     4     2  
====================================

Formulations:
========================================
     Column Indices:          0      1  
--------------------------  ------  ----
X1: Linear Characteristics  prices  time
========================================
Solving the problem ...
Updating the weighting matrix ...
Computed results after 00:00:04.

Problem Results Summary:
=====================================
GMM     Objective    Weighting Matrix
Step      Value      Condition Number
----  -------------  ----------------
 1    +1.404517E+05   +1.732475E+08  
=====================================

Estimating standard errors ...
Computed results after 00:00:04.

Problem Results Summary:
========================================================
GMM     Objective    Weighting Matrix  Covariance Matrix
Step      Value      Condition Number  Condition Number 
----  -------------  ----------------  -----------------
 2    +1.440370E+04   +1.667370E+08      +9.694791E+03  
========================================================

Cumulative Statistics:
========================
Computation   Objective 
   Time      Evaluations
-----------  -----------
 00:00:08         2     
========================

Beta Estimates (Robust SEs in Parentheses):
================================
    prices            time      
---------------  ---------------
 +7.399575E+00    +1.798637E-03 
(+5.206942E-02)  (+6.047426E-04)
================================
Problem Results Summary:
========================================================
GMM     Objective    Weighting Matrix  Covariance Matrix
Step      Value      Condition Number  Condition Number 
----  -------------  ----------------  -----------------
 2    +1.440370E+04   +1.667370E+08      +9.694791E+03  
========================================================

Cumulative Statistics:
========================
Computation   Objective 
   Time      Evaluations
-----------  -----------
 00:00:08         2     
========================

Beta Estimates (Robust SEs in Parentheses):
================================
    prices            time      
---------------  ---------------
 +7.399575E+00    +1.798637E-03 
(+5.206942E-02)  (+6.047426E-04)
================================
