DID_regression.py:176: SettingWithCopyWarning: 
A value is trying to be set on a copy of a slice from a DataFrame.
Try using .loc[row_indexer,col_indexer] = value instead

See the caveats in the documentation: http://pandas.pydata.org/pandas-docs/stable/user_guide/indexing.html#returning-a-view-versus-a-copy
  oneYearFirmDMA['dma_size'] = oneYearFirmDMA['dma_code'].map(DMAVolumeMap['volume'])
/software/anaconda3.6/lib/python3.6/site-packages/numpy/core/fromnumeric.py:2389: FutureWarning: Method .ptp is deprecated and will be removed in a future version. Use numpy.ptp instead.
  return ptp(axis=axis, out=out, **kwargs)
/home/yza4307/.local/lib/python3.6/site-packages/linearmodels/utility.py:549: MissingValueWarning: 
Inputs contain missing values. Dropping rows with missing observations.
  warnings.warn(missing_value_warning_msg, MissingValueWarning)
        Year  month     cpiu  price_index
t                                        
200001  2000      1  168.800     1.528264
200002  2000      2  169.800     1.519264
200003  2000      3  171.200     1.506840
200004  2000      4  171.300     1.505960
200005  2000      5  171.500     1.504204
...      ...    ...      ...          ...
201910  2019     10  257.346     1.002429
201911  2019     11  257.208     1.002966
201912  2019     12  256.974     1.003880
202001  2020      1  257.971     1.000000
202002  2020      2  258.678     0.997267

[242 rows x 4 columns]
        Year  quarter        cpiu  price_index
t                                             
200001  2000        1  169.933333     1.520152
200002  2000        2  171.733333     1.504219
200003  2000        3  173.100000     1.492343
200004  2000        4  174.033333     1.484339
200101  2001        1  175.700000     1.470259
...      ...      ...         ...          ...
201901  2019        1  252.896667     1.021463
201902  2019        2  255.927667     1.009365
201903  2019        3  256.629333     1.006606
201904  2019        4  257.176000     1.004466
202001  2020        1  258.324500     1.000000

[81 rows x 4 columns]
BEER
potential bugs
        share      dma_size  dma_code
0    0.086262  1.089011e+08       500
1    0.090201  1.089011e+08       500
2    0.114165  2.873455e+08       501
3    0.041647  2.873455e+08       501
4    0.135635  2.785614e+06       502
..        ...           ...       ...
399  0.060641  7.210996e+07       866
400  0.178218  2.742326e+07       868
401  0.071204  2.742326e+07       868
402  0.148218  5.267026e+07       881
403  0.125885  5.267026e+07       881

[404 rows x 3 columns]
share > 1
Empty DataFrame
Columns: [share, dma_size, dma_code]
Index: []
sum share > 1
Empty DataFrame
Columns: [owner, dma_code, month, volume, merging, time_str, include, dma_size, share, pre_merger_share_square, post_merger_share_square, DHHI]
Index: []
              DHHI
dma_code          
500       0.015562
501       0.009509
502       0.046915
503       0.026863
504       0.024344
...            ...
855       0.024156
862       0.022393
866       0.017043
868       0.025380
881       0.037317

[202 rows x 1 columns]
                                    DHHI*post_merger  post_merger  trend
dma_upc         months_since_start                                      
500_2124200006  0                           0.000000            0      0
506_2124200006  0                           0.000000            0      0
521_2124200006  0                           0.000000            0      0
524_2124200006  0                           0.000000            0      0
527_2124200006  0                           0.000000            0      0
...                                              ...          ...    ...
534_76611492407 36                          0.022988            1     36
539_76611492407 36                          0.019335            1     36
548_76611492407 36                          0.016279            1     36
571_76611492407 36                          0.017393            1     36
592_76611492407 36                          0.013635            1     36

[2967807 rows x 3 columns]
                          PanelOLS Estimation Summary                           
================================================================================
Dep. Variable:            lprice_BEER   R-squared:                        0.1530
Estimator:                   PanelOLS   R-squared (Between):              0.0146
No. Observations:             2966809   R-squared (Within):               0.1530
Date:                Fri, May 08 2020   R-squared (Overall):              0.0194
Time:                        00:57:53   Log-likelihood                 3.271e+06
Cov. Estimator:             Clustered                                           
                                        F-statistic:                   1.728e+05
Entities:                       96568   P-value                           0.0000
Avg Obs:                       30.722   Distribution:               F(3,2870238)
Min Obs:                       1.0000                                           
Max Obs:                       48.000   F-statistic (robust):             1526.1
                                        P-value                           0.0000
Time periods:                      48   Distribution:               F(3,2870238)
Avg Obs:                    6.181e+04                                           
Min Obs:                    4.981e+04                                           
Max Obs:                    6.812e+04                                           
                                                                                
                                Parameter Estimates                                 
====================================================================================
                  Parameter  Std. Err.     T-stat    P-value    Lower CI    Upper CI
------------------------------------------------------------------------------------
const               -2.7251     0.0011    -2526.6     0.0000     -2.7272     -2.7230
DHHI*post_merger     0.5111     0.0928     5.5092     0.0000      0.3293      0.6929
post_merger         -0.0016     0.0024    -0.6962     0.4863     -0.0063      0.0030
trend                0.0024  4.855e-05     48.802     0.0000      0.0023      0.0025
====================================================================================

F-test for Poolability: 622.53
P-value: 0.0000
Distribution: F(96567,2870238)

Included effects: Entity
dma_upc          months_since_start
500_2124200006   0                     2006
506_2124200006   0                     2006
521_2124200006   0                     2006
524_2124200006   0                     2006
527_2124200006   0                     2006
                                       ... 
534_76611492407  36                    2009
539_76611492407  36                    2009
548_76611492407  36                    2009
571_76611492407  36                    2009
592_76611492407  36                    2009
Name: year, Length: 2967807, dtype: int64
regression with inflation-adjusted price and demographics covariates
                                    DHHI*post_merger  ...  lemployment_rate
dma_upc         months_since_start                    ...                  
500_2124200006  0                           0.000000  ...         -0.034980
506_2124200006  0                           0.000000  ...         -0.057679
521_2124200006  0                           0.000000  ...         -0.061748
524_2124200006  0                           0.000000  ...         -0.059365
527_2124200006  0                           0.000000  ...         -0.064539
...                                              ...  ...               ...
534_76611492407 36                          0.022988  ...         -0.116570
539_76611492407 36                          0.019335  ...         -0.105361
548_76611492407 36                          0.016279  ...         -0.126752
571_76611492407 36                          0.017393  ...         -0.140147
592_76611492407 36                          0.013635  ...         -0.051469

[2967807 rows x 5 columns]
                          PanelOLS Estimation Summary                           
================================================================================
Dep. Variable:      ladjust_priceBEER   R-squared:                        0.0278
Estimator:                   PanelOLS   R-squared (Between):              0.0039
No. Observations:             2966809   R-squared (Within):               0.0278
Date:                Fri, May 08 2020   R-squared (Overall):              0.0056
Time:                        00:58:41   Log-likelihood                 3.222e+06
Cov. Estimator:             Clustered                                           
                                        F-statistic:                   1.639e+04
Entities:                       96568   P-value                           0.0000
Avg Obs:                       30.722   Distribution:               F(5,2870236)
Min Obs:                       1.0000                                           
Max Obs:                       48.000   F-statistic (robust):             256.73
                                        P-value                           0.0000
Time periods:                      48   Distribution:               F(5,2870236)
Avg Obs:                    6.181e+04                                           
Min Obs:                    4.981e+04                                           
Max Obs:                    6.812e+04                                           
                                                                                
                                     Parameter Estimates                                      
==============================================================================================
                            Parameter  Std. Err.     T-stat    P-value    Lower CI    Upper CI
----------------------------------------------------------------------------------------------
const                         -3.0769     0.1388    -22.164     0.0000     -3.3490     -2.8048
DHHI*post_merger               0.5349     0.1067     5.0136     0.0000      0.3258      0.7441
post_merger                    0.0072     0.0028     2.5875     0.0097      0.0017      0.0126
trend                       8.921e-06  5.831e-05     0.1530     0.8784     -0.0001      0.0001
ladjusted_hhinc_per_person     0.0555     0.0130     4.2786     0.0000      0.0301      0.0810
lemployment_rate              -0.3195     0.0285    -11.209     0.0000     -0.3754     -0.2636
==============================================================================================

F-test for Poolability: 600.35
P-value: 0.0000
Distribution: F(96567,2870236)

Included effects: Entity
