/home/yza4307/.local/lib/python3.6/site-packages/pandas/compat/_optional.py:106: UserWarning: Pandas requires version '1.2.1' or newer of 'bottleneck' (version '1.2.0' currently installed).
  warnings.warn(msg, UserWarning)
DID_regression.py:150: SettingWithCopyWarning: 
A value is trying to be set on a copy of a slice from a DataFrame.
Try using .loc[row_indexer,col_indexer] = value instead

See the caveats in the documentation: http://pandas.pydata.org/pandas-docs/stable/user_guide/indexing.html#returning-a-view-versus-a-copy
  oneYearFirmDMA['dma_size'] = oneYearFirmDMA['dma_code'].map(DMAVolumeMap['volume'])
/home/yza4307/.local/lib/python3.6/site-packages/pandas/compat/_optional.py:106: UserWarning: Pandas requires version '2.6.2' or newer of 'numexpr' (version '2.6.1' currently installed).
  warnings.warn(msg, UserWarning)
/software/anaconda3.6/lib/python3.6/site-packages/numpy/core/fromnumeric.py:2389: FutureWarning: Method .ptp is deprecated and will be removed in a future version. Use numpy.ptp instead.
  return ptp(axis=axis, out=out, **kwargs)
CANDY
                                  owner merging
0                                  Mars       1
1                               Wrigley       1
2             American Licorice Company       0
3                    Asher’s Chocolates       0
4                         August Storck       0
5                   Brach's Confections       0
6            Bradford Chocolate Factory       0
7                         Brown & Haley       0
8                               Cadbury       0
9                      Callard & Bowser       0
10                          Ce De Candy       0
11                            Colombina       0
12                            CTL Foods       0
13              Elmer Candy Corporation       0
14                   Farley's & Sathers       0
15                    FB Washburn Candy       0
16                    Ferrara Pan Candy       0
17                              Ferrero       0
18  Frankford Candy & Chocolate Company       0
19              Galerie Candy and Gifts       0
20               Goetze's Candy Company       0
21                          Grupo Arcor       0
22                               Haribo       0
23                              Hershey       0
24                   Impact Confections       0
25                 Jelly Belly Candy Co       0
26                                Joyva       0
27                        Just Born Inc       0
28                     Kraft Foods Inc.       0
29                     Lindt & Sprüngli       0
30                      Log House Foods       0
31                   Maxfield Candy Co.       0
32                   Mayfair Sales Inc.       0
33                 Mount Franklin Foods       0
34                          Mrs. Fields       0
35                                Necco       0
36                               Nestlé       0
37              Old Dominion Peanut Co.       0
38              Pearson's Candy Company       0
39                   Perfetti Van Melle       0
40               Piedmont Candy Company       0
41               R.L. Albert & Son, Inc       0
42                         RM Palmer Co       0
43           Russell Stover Candies Inc       0
44                        Shari Candies       0
45                Sherwood Brands, Inc.       0
46                       Simply Goodies       0
47               Spangler Candy Company       0
48       Sun-Maid Growers of California       0
49                  Sweet Candy Company       0
50              Tootsie Roll Industries       0
51                              unknown       0
52             World's Finest Chocolate       0
53                  Zachary Confections       0
       include
t             
2006Q1       0
2006Q2       0
2006Q3       0
2006Q4       0
2007Q1       0
2007Q2       0
2007Q3       0
2007Q4       0
2008Q1       1
2008Q2       1
2008Q3       1
2008Q4       1
2009Q1       0
2009Q2       0
2009Q3       0
2009Q4       0
                volume
dma_code              
500       2.144201e+08
501       2.947270e+09
502       2.183669e+07
503       5.607140e+07
504       1.612202e+09
...                ...
855       8.396535e+07
862       4.252154e+08
866       1.859036e+08
868       4.669396e+07
881       1.202995e+08

[205 rows x 1 columns]
           owner  dma_code quarter  ...  time_str include      dma_size
5695399     Mars       500  2008Q1  ...    2008Q1       1  2.144201e+08
5695400     Mars       501  2008Q1  ...    2008Q1       1  2.947270e+09
5695401     Mars       502  2008Q1  ...    2008Q1       1  2.183669e+07
5695402     Mars       503  2008Q1  ...    2008Q1       1  5.607140e+07
5695403     Mars       504  2008Q1  ...    2008Q1       1  1.612202e+09
...          ...       ...     ...  ...       ...     ...           ...
7767655  Wrigley       624  2008Q4  ...    2008Q4       1  4.632282e+07
7767656  Wrigley       602  2008Q4  ...    2008Q4       1  1.527518e+09
7767657  Wrigley       624  2008Q4  ...    2008Q4       1  4.632282e+07
7767658  Wrigley       528  2008Q4  ...    2008Q4       1  5.683528e+08
7767659  Wrigley       533  2008Q4  ...    2008Q4       1  4.452145e+08

[464734 rows x 8 columns]
['Mars' 'Wrigley']
     owner  dma_code  ...  post_merger_share_square      DHHI
0      NaN       500  ...                  0.122222  0.060920
1      NaN       501  ...                  0.193831  0.096891
2      NaN       502  ...                  0.123060  0.059239
3      NaN       503  ...                  0.147032  0.067060
4      NaN       504  ...                  0.150980  0.075186
..     ...       ...  ...                       ...       ...
200    NaN       855  ...                  0.165755  0.067995
201    NaN       862  ...                  0.162260  0.071599
202    NaN       866  ...                  0.150733  0.068508
203    NaN       868  ...                  0.148244  0.068531
204    NaN       881  ...                  0.138565  0.064328

[205 rows x 12 columns]
              DHHI
dma_code          
500       0.060920
501       0.096891
502       0.059239
503       0.067060
504       0.075186
...            ...
855       0.067995
862       0.071599
866       0.068508
868       0.068531
881       0.064328

[205 rows x 1 columns]
                                       DHHI*post_merger  post_merger  trend
dma_upc          quarters_since_start                                      
529_10000001     0                             0.000000            0      0
618_10000001     0                             0.000000            0      0
640_10000001     0                             0.000000            0      0
693_10000001     0                             0.000000            0      0
789_10000001     0                             0.000000            0      0
...                                                 ...          ...    ...
855_937582890889 15                            0.067995            1     15
862_937582890889 15                            0.071599            1     15
866_937582890889 15                            0.068508            1     15
868_937582890889 15                            0.068531            1     15
881_937582890889 15                            0.064328            1     15

[10868697 rows x 3 columns]
                          PanelOLS Estimation Summary                           
================================================================================
Dep. Variable:           lprice_CANDY   R-squared:                        0.0009
Estimator:                   PanelOLS   R-squared (Between):             -0.0091
No. Observations:            10868697   R-squared (Within):               0.0009
Date:                Sun, Apr 05 2020   R-squared (Overall):              0.0011
Time:                        12:07:56   Log-likelihood                -2.637e+06
Cov. Estimator:             Clustered                                           
                                        F-statistic:                      2673.6
Entities:                     2060550   P-value                           0.0000
Avg Obs:                       5.2747   Distribution:               F(3,8808144)
Min Obs:                       1.0000                                           
Max Obs:                       16.000   F-statistic (robust):             328.28
                                        P-value                           0.0000
Time periods:                      16   Distribution:               F(3,8808144)
Avg Obs:                    6.793e+05                                           
Min Obs:                     5.67e+05                                           
Max Obs:                    8.588e+05                                           
                                                                                
                                Parameter Estimates                                 
====================================================================================
                  Parameter  Std. Err.     T-stat    P-value    Lower CI    Upper CI
------------------------------------------------------------------------------------
const                0.5188     0.0019     278.94     0.0000      0.5152      0.5225
DHHI*post_merger    -0.7607     0.3739    -2.0343     0.0419     -1.4936     -0.0278
post_merger          0.0748     0.0251     2.9772     0.0029      0.0256      0.1240
trend                0.0004     0.0003     1.2841     0.1991     -0.0002      0.0009
====================================================================================

F-test for Poolability: 28.128
P-value: 0.0000
Distribution: F(2060549,8808144)

Included effects: Entity
