/software/anaconda3.6/lib/python3.6/site-packages/numpy/core/fromnumeric.py:2389: FutureWarning: Method .ptp is deprecated and will be removed in a future version. Use numpy.ptp instead.
  return ptp(axis=axis, out=out, **kwargs)
/software/anaconda3.6/lib/python3.6/site-packages/numpy/core/fromnumeric.py:2389: FutureWarning: Method .ptp is deprecated and will be removed in a future version. Use numpy.ptp instead.
  return ptp(axis=axis, out=out, **kwargs)
/software/anaconda3.6/lib/python3.6/site-packages/numpy/core/fromnumeric.py:2389: FutureWarning: Method .ptp is deprecated and will be removed in a future version. Use numpy.ptp instead.
  return ptp(axis=axis, out=out, **kwargs)
        Year  month     cpiu  price_index
t                                        
200001  2000      1  168.800     1.528264
200002  2000      2  169.800     1.519264
200003  2000      3  171.200     1.506840
200004  2000      4  171.300     1.505960
200005  2000      5  171.500     1.504204
...      ...    ...      ...          ...
201910  2019     10  257.346     1.002429
201911  2019     11  257.208     1.002966
201912  2019     12  256.974     1.003880
202001  2020      1  257.971     1.000000
202002  2020      2  258.678     0.997267

[242 rows x 4 columns]
        Year  quarter        cpiu  price_index
t                                             
200001  2000        1  169.933333     1.520152
200002  2000        2  171.733333     1.504219
200003  2000        3  173.100000     1.492343
200004  2000        4  174.033333     1.484339
200101  2001        1  175.700000     1.470259
...      ...      ...         ...          ...
201901  2019        1  252.896667     1.021463
201902  2019        2  255.927667     1.009365
201903  2019        3  256.629333     1.006606
201904  2019        4  257.176000     1.004466
202001  2020        1  258.324500     1.000000

[81 rows x 4 columns]
BEER
                          PanelOLS Estimation Summary                           
================================================================================
Dep. Variable:            lprice_BEER   R-squared:                        0.1627
Estimator:                   PanelOLS   R-squared (Between):              0.0025
No. Observations:             2967807   R-squared (Within):               0.1627
Date:                Fri, Apr 24 2020   R-squared (Overall):              0.0028
Time:                        00:57:44   Log-likelihood                 3.363e+06
Cov. Estimator:             Clustered                                           
                                        F-statistic:                   1.859e+05
Entities:                       96685   P-value                           0.0000
Avg Obs:                       30.696   Distribution:               F(3,2871119)
Min Obs:                       1.0000                                           
Max Obs:                       48.000   F-statistic (robust):             1545.4
                                        P-value                           0.0000
Time periods:                      48   Distribution:               F(3,2871119)
Avg Obs:                    6.183e+04                                           
Min Obs:                    4.981e+04                                           
Max Obs:                     6.82e+04                                           
                                                                                
                                  Parameter Estimates                                  
=======================================================================================
                     Parameter  Std. Err.     T-stat    P-value    Lower CI    Upper CI
---------------------------------------------------------------------------------------
const                   1.8255     0.0010     1739.6     0.0000      1.8235      1.8276
post_merger*merging     0.0128     0.0010     13.405     0.0000      0.0109      0.0147
post_merger             0.0067     0.0007     8.9711     0.0000      0.0052      0.0081
trend                   0.0024  4.625e-05     51.586     0.0000      0.0023      0.0025
=======================================================================================

F-test for Poolability: 3329.1
P-value: 0.0000
Distribution: F(96684,2871119)

Included effects: Entity
regression with inflation-adjusted price and demographics covariates
                                    post_merger*merging  ...  lemployment_rate
dma_upc         months_since_start                       ...                  
500_948700007   0                                     0  ...         -0.034980
501_948700007   0                                     0  ...         -0.055479
502_948700007   0                                     0  ...         -0.040684
503_948700007   0                                     0  ...         -0.066470
504_948700007   0                                     0  ...         -0.043217
...                                                 ...  ...               ...
564_70436140024 47                                    0  ...         -0.089380
596_70436140024 47                                    0  ...         -0.095636
597_70436140024 47                                    0  ...         -0.084218
617_70436140024 47                                    0  ...         -0.096752
669_70436140024 47                                    0  ...         -0.045041

[2967807 rows x 5 columns]
                          PanelOLS Estimation Summary                           
================================================================================
Dep. Variable:      ladjust_priceBEER   R-squared:                        0.0301
Estimator:                   PanelOLS   R-squared (Between):              0.0002
No. Observations:             2967807   R-squared (Within):               0.0301
Date:                Fri, Apr 24 2020   R-squared (Overall):             -0.0003
Time:                        00:58:16   Log-likelihood                 3.311e+06
Cov. Estimator:             Clustered                                           
                                        F-statistic:                   1.784e+04
Entities:                       96685   P-value                           0.0000
Avg Obs:                       30.696   Distribution:               F(5,2871117)
Min Obs:                       1.0000                                           
Max Obs:                       48.000   F-statistic (robust):             318.36
                                        P-value                           0.0000
Time periods:                      48   Distribution:               F(5,2871117)
Avg Obs:                    6.183e+04                                           
Min Obs:                    4.981e+04                                           
Max Obs:                     6.82e+04                                           
                                                                                
                                     Parameter Estimates                                      
==============================================================================================
                            Parameter  Std. Err.     T-stat    P-value    Lower CI    Upper CI
----------------------------------------------------------------------------------------------
const                          1.4284     0.1351     10.576     0.0000      1.1637      1.6932
post_merger*merging            0.0127     0.0010     13.301     0.0000      0.0108      0.0145
post_merger                    0.0163     0.0008     19.526     0.0000      0.0146      0.0179
trend                       2.616e-05  5.644e-05     0.4634     0.6430  -8.447e-05      0.0001
ladjusted_hhinc_per_person     0.0598     0.0126     4.7369     0.0000      0.0351      0.0845
lemployment_rate              -0.3173     0.0285    -11.151     0.0000     -0.3731     -0.2615
==============================================================================================

F-test for Poolability: 3214.3
P-value: 0.0000
Distribution: F(96684,2871117)

Included effects: Entity
