/home/zcw7438/.local/lib/python3.6/site-packages/pandas/compat/_optional.py:106: UserWarning: Pandas requires version '1.2.1' or newer of 'bottleneck' (version '1.2.0' currently installed).
  warnings.warn(msg, UserWarning)
/home/zcw7438/.local/lib/python3.6/site-packages/pandas/compat/_optional.py:106: UserWarning: Pandas requires version '2.6.2' or newer of 'numexpr' (version '2.6.1' currently installed).
  warnings.warn(msg, UserWarning)
/software/anaconda3.6/lib/python3.6/site-packages/numpy/lib/arraysetops.py:569: FutureWarning: elementwise comparison failed; returning scalar instead, but in the future will perform elementwise comparison
  mask |= (ar1 == a)
1
2
3
4
5
6
7
8
9
10
11
12
13
14
15
16
17
18
19
20
21
22
23
24
25
26
27
28
29
30
31
32
33
34
35
36
37
38
39
40
41
42
43
44
45
46
47
48
49
50
51
52
53
54
55
56
57
58
59
60
61
62
63
64
65
66
67
68
69
70
71
72
73
74
75
76
77
78
79
80
81
82
83
84
85
86
87
88
89
90
91
92
93
94
95
96
97
98
99
100
101
102
103
104
105
106
107
108
109
110
111
112
113
114
115
116
117
118
119
120
121
122
123
124
125
126
127
128
129
130
131
132
133
134
135
136
Loaded CANDY products
Loaded GUM products
0
1
2
3
4
5
6
7
8
9
10
upc         1.000000e+07
dma_code    5.290000e+02
distance    3.726178e+02
Name: 0, dtype: float64
upc                                                 10000001
dma_code                                                 529
month                                                 200601
volume                                                     6
price                                               0.166667
size1_amount                                               6
size1_units                                               OZ
brand_descr                                         SPANGLER
owner initial                         Spangler Candy Company
owner last                            Spangler Candy Company
y-m-d                                             2006-01-01
year                                                    2006
# month                                                    1
volume_original_unit                                       6
market_size                                      1.00428e+07
market_size_DMA                                  3.71752e+07
market_share                                     1.61398e-07
postmerger                                                 0
month_since_start                                          0
involved                                                   0
involvedpostmerger                                         0
product-region                                  10000001 529
time                                                       0
cpiu                                                   198.3
price_index                                          1.30091
adjusted_price                                      0.216819
log_adjusted_price                                  -1.52869
hhinc_per_person_mean                                31051.7
hhinc_per_person_median                              24553.9
employment_rate                                     0.957055
adjusted_hhinc_per_person_mean                       40395.6
log_adjusted_hhinc_per_person_mean                   10.6065
log_employment_rate                               -0.0438942
product                                                CANDY
upc_dma_code                                    10000001 529
distance                                             372.618
Name: 0, dtype: object
