/home/zcw7438/.local/lib/python3.6/site-packages/pandas/compat/_optional.py:106: UserWarning: Pandas requires version '1.2.1' or newer of 'bottleneck' (version '1.2.0' currently installed).
  warnings.warn(msg, UserWarning)
  dma_code_quarter  dma_code  ... mint  chocolate
0       529 2006Q1       529  ...    0          0
2       618 2006Q1       618  ...    0          0
3       640 2006Q1       640  ...    0          0
5       693 2006Q1       693  ...    0          0
6       789 2006Q1       789  ...    0          0

[5 rows x 12 columns]
Initializing the problem ...
Absorbing demand-side fixed effects ...
Initialized the problem after 00:02:54.

Dimensions:
====================================
 T       N      F    K1    MD    ED 
----  -------  ---  ----  ----  ----
1845  6200630  89    3     5     3  
====================================

Formulations:
===================================================
     Column Indices:          0      1        2    
--------------------------  ------  ----  ---------
X1: Linear Characteristics  prices  mint  chocolate
===================================================
Dimensions:
====================================
 T       N      F    K1    MD    ED 
----  -------  ---  ----  ----  ----
1845  6200630  89    3     5     3  
====================================

Formulations:
===================================================
     Column Indices:          0      1        2    
--------------------------  ------  ----  ---------
X1: Linear Characteristics  prices  mint  chocolate
===================================================
Solving the problem ...
Updating the weighting matrix ...
Computed results after 00:00:08.

Problem Results Summary:
=====================================
GMM     Objective    Weighting Matrix
Step      Value      Condition Number
----  -------------  ----------------
 1    +1.208414E+02   +1.982097E+37  
=====================================

Estimating standard errors ...
Computed results after 00:00:07.

Problem Results Summary:
========================================================
GMM     Objective    Weighting Matrix  Covariance Matrix
Step      Value      Condition Number  Condition Number 
----  -------------  ----------------  -----------------
 2    +1.604766E-24   +2.434635E+26      +1.084713E+05  
========================================================

Cumulative Statistics:
========================
Computation   Objective 
   Time      Evaluations
-----------  -----------
 00:00:14         2     
========================

Beta Estimates (Robust SEs in Parentheses):
=================================================
    prices            mint           chocolate   
---------------  ---------------  ---------------
 -2.350899E+02    +1.686206E+01    +1.174807E+01 
(+3.338112E+02)  (+2.256344E+01)  (+1.265163E+01)
=================================================
Problem Results Summary:
========================================================
GMM     Objective    Weighting Matrix  Covariance Matrix
Step      Value      Condition Number  Condition Number 
----  -------------  ----------------  -----------------
 2    +1.604766E-24   +2.434635E+26      +1.084713E+05  
========================================================

Cumulative Statistics:
========================
Computation   Objective 
   Time      Evaluations
-----------  -----------
 00:00:14         2     
========================

Beta Estimates (Robust SEs in Parentheses):
=================================================
    prices            mint           chocolate   
---------------  ---------------  ---------------
 -2.350899E+02    +1.686206E+01    +1.174807E+01 
(+3.338112E+02)  (+2.256344E+01)  (+1.265163E+01)
=================================================
