/software/anaconda3.6/lib/python3.6/site-packages/numpy/core/fromnumeric.py:2389: FutureWarning: Method .ptp is deprecated and will be removed in a future version. Use numpy.ptp instead.
  return ptp(axis=axis, out=out, **kwargs)
/software/anaconda3.6/lib/python3.6/site-packages/numpy/core/fromnumeric.py:2389: FutureWarning: Method .ptp is deprecated and will be removed in a future version. Use numpy.ptp instead.
  return ptp(axis=axis, out=out, **kwargs)
/software/anaconda3.6/lib/python3.6/site-packages/numpy/core/fromnumeric.py:2389: FutureWarning: Method .ptp is deprecated and will be removed in a future version. Use numpy.ptp instead.
  return ptp(axis=axis, out=out, **kwargs)
        Year  month     cpiu  price_index
t                                        
200001  2000      1  168.800     1.528264
200002  2000      2  169.800     1.519264
200003  2000      3  171.200     1.506840
200004  2000      4  171.300     1.505960
200005  2000      5  171.500     1.504204
...      ...    ...      ...          ...
201910  2019     10  257.346     1.002429
201911  2019     11  257.208     1.002966
201912  2019     12  256.974     1.003880
202001  2020      1  257.971     1.000000
202002  2020      2  258.678     0.997267

[242 rows x 4 columns]
        Year  quarter        cpiu  price_index
t                                             
200001  2000        1  169.933333     1.520152
200002  2000        2  171.733333     1.504219
200003  2000        3  173.100000     1.492343
200004  2000        4  174.033333     1.484339
200101  2001        1  175.700000     1.470259
...      ...      ...         ...          ...
201901  2019        1  252.896667     1.021463
201902  2019        2  255.927667     1.009365
201903  2019        3  256.629333     1.006606
201904  2019        4  257.176000     1.004466
202001  2020        1  258.324500     1.000000

[81 rows x 4 columns]
CANDY
                          PanelOLS Estimation Summary                           
================================================================================
Dep. Variable:           lprice_CANDY   R-squared:                        0.0041
Estimator:                   PanelOLS   R-squared (Between):             -0.0098
No. Observations:            26461629   R-squared (Within):               0.0041
Date:                Fri, Apr 24 2020   R-squared (Overall):              0.0032
Time:                        01:37:16   Log-likelihood                -7.342e+06
Cov. Estimator:             Clustered                                           
                                        F-statistic:                   3.356e+04
Entities:                     2060550   P-value                           0.0000
Avg Obs:                       12.842   Distribution:              F(3,24401076)
Min Obs:                       1.0000                                           
Max Obs:                       48.000   F-statistic (robust):             3017.3
                                        P-value                           0.0000
Time periods:                      48   Distribution:              F(3,24401076)
Avg Obs:                    5.513e+05                                           
Min Obs:                    4.391e+05                                           
Max Obs:                     6.76e+05                                           
                                                                                
                                  Parameter Estimates                                  
=======================================================================================
                     Parameter  Std. Err.     T-stat    P-value    Lower CI    Upper CI
---------------------------------------------------------------------------------------
const                   0.4990     0.0017     298.31     0.0000      0.4957      0.5023
post_merger*merging     0.0178     0.0009     19.391     0.0000      0.0160      0.0196
post_merger             0.0523     0.0008     67.471     0.0000      0.0508      0.0539
trend                  -0.0002   7.76e-05    -1.9874     0.0469     -0.0003   -2.13e-06
=======================================================================================

F-test for Poolability: 67.489
P-value: 0.0000
Distribution: F(2060549,24401076)

Included effects: Entity
regression with inflation-adjusted price and demographics covariates
                                     post_merger*merging  ...  lemployment_rate
dma_upc          months_since_start                       ...                  
529_10000001     0                                     0  ...         -0.043894
618_10000001     0                                     0  ...         -0.080043
789_10000001     0                                     0  ...         -0.056777
616_3080000145   0                                     0  ...         -0.067179
637_3080000145   0                                     0  ...         -0.063645
...                                                  ...  ...               ...
855_937582890889 47                                    0  ...         -0.061014
862_937582890889 47                                    0  ...         -0.146441
866_937582890889 47                                    0  ...         -0.183565
868_937582890889 47                                    0  ...         -0.140089
881_937582890889 47                                    0  ...         -0.089804

[26461629 rows x 5 columns]
                          PanelOLS Estimation Summary                           
================================================================================
Dep. Variable:     ladjust_priceCANDY   R-squared:                        0.0021
Estimator:                   PanelOLS   R-squared (Between):             -0.0163
No. Observations:            26461629   R-squared (Within):               0.0021
Date:                Fri, Apr 24 2020   R-squared (Overall):             -0.0010
Time:                        01:41:17   Log-likelihood                 -7.41e+06
Cov. Estimator:             Clustered                                           
                                        F-statistic:                   1.009e+04
Entities:                     2060550   P-value                           0.0000
Avg Obs:                       12.842   Distribution:              F(5,24401074)
Min Obs:                       1.0000                                           
Max Obs:                       48.000   F-statistic (robust):             848.07
                                        P-value                           0.0000
Time periods:                      48   Distribution:              F(5,24401074)
Avg Obs:                    5.513e+05                                           
Min Obs:                    4.391e+05                                           
Max Obs:                     6.76e+05                                           
                                                                                
                                     Parameter Estimates                                      
==============================================================================================
                            Parameter  Std. Err.     T-stat    P-value    Lower CI    Upper CI
----------------------------------------------------------------------------------------------
const                          1.3242     0.2434     5.4405     0.0000      0.8471      1.8012
post_merger*merging            0.0175     0.0009     19.074     0.0000      0.0157      0.0193
post_merger                    0.0461     0.0009     49.169     0.0000      0.0442      0.0479
trend                         -0.0021  8.766e-05    -24.195     0.0000     -0.0023     -0.0019
ladjusted_hhinc_per_person    -0.0556     0.0228    -2.4395     0.0147     -0.1003     -0.0109
lemployment_rate              -0.3525     0.0510    -6.9112     0.0000     -0.4525     -0.2525
==============================================================================================

F-test for Poolability: 67.115
P-value: 0.0000
Distribution: F(2060549,24401074)

Included effects: Entity
