DID_regression.py:163: SettingWithCopyWarning: 
A value is trying to be set on a copy of a slice from a DataFrame.
Try using .loc[row_indexer,col_indexer] = value instead

See the caveats in the documentation: http://pandas.pydata.org/pandas-docs/stable/user_guide/indexing.html#returning-a-view-versus-a-copy
  oneYearFirmDMA['dma_size'] = oneYearFirmDMA['dma_code'].map(DMAVolumeMap['volume'])
/software/anaconda3.6/lib/python3.6/site-packages/numpy/core/fromnumeric.py:2389: FutureWarning: Method .ptp is deprecated and will be removed in a future version. Use numpy.ptp instead.
  return ptp(axis=axis, out=out, **kwargs)
/home/yza4307/.local/lib/python3.6/site-packages/linearmodels/utility.py:549: MissingValueWarning: 
Inputs contain missing values. Dropping rows with missing observations.
  warnings.warn(missing_value_warning_msg, MissingValueWarning)
        Year  month     cpiu  price_index
t                                        
200001  2000      1  168.800     1.528264
200002  2000      2  169.800     1.519264
200003  2000      3  171.200     1.506840
200004  2000      4  171.300     1.505960
200005  2000      5  171.500     1.504204
...      ...    ...      ...          ...
201910  2019     10  257.346     1.002429
201911  2019     11  257.208     1.002966
201912  2019     12  256.974     1.003880
202001  2020      1  257.971     1.000000
202002  2020      2  258.678     0.997267

[242 rows x 4 columns]
        Year  quarter        cpiu  price_index
t                                             
200001  2000        1  169.933333     1.520152
200002  2000        2  171.733333     1.504219
200003  2000        3  173.100000     1.492343
200004  2000        4  174.033333     1.484339
200101  2001        1  175.700000     1.470259
...      ...      ...         ...          ...
201901  2019        1  252.896667     1.021463
201902  2019        2  255.927667     1.009365
201903  2019        3  256.629333     1.006606
201904  2019        4  257.176000     1.004466
202001  2020        1  258.324500     1.000000

[81 rows x 4 columns]
BEER
              DHHI
dma_code          
500       0.046816
501       0.024302
502       0.103921
503       0.047494
504       0.062160
...            ...
855       0.043703
862       0.047933
866       0.033050
868       0.055930
881       0.089054

[202 rows x 1 columns]
                                    DHHI*post_merger  post_merger  trend
dma_upc         months_since_start                                      
500_948700007   0                           0.000000            0      0
501_948700007   0                           0.000000            0      0
502_948700007   0                           0.000000            0      0
503_948700007   0                           0.000000            0      0
504_948700007   0                           0.000000            0      0
...                                              ...          ...    ...
564_70436140024 47                          0.049146            1     47
596_70436140024 47                          0.053283            1     47
597_70436140024 47                          0.045469            1     47
617_70436140024 47                          0.071977            1     47
669_70436140024 47                          0.095587            1     47

[2967807 rows x 3 columns]
                          PanelOLS Estimation Summary                           
================================================================================
Dep. Variable:            lprice_BEER   R-squared:                        0.1620
Estimator:                   PanelOLS   R-squared (Between):              0.0026
No. Observations:             2966809   R-squared (Within):               0.1620
Date:                Tue, May 05 2020   R-squared (Overall):              0.0030
Time:                        16:10:37   Log-likelihood                  3.36e+06
Cov. Estimator:             Clustered                                           
                                        F-statistic:                    1.85e+05
Entities:                       96568   P-value                           0.0000
Avg Obs:                       30.722   Distribution:               F(3,2870238)
Min Obs:                       1.0000                                           
Max Obs:                       48.000   F-statistic (robust):             1674.5
                                        P-value                           0.0000
Time periods:                      48   Distribution:               F(3,2870238)
Avg Obs:                    6.181e+04                                           
Min Obs:                    4.981e+04                                           
Max Obs:                    6.812e+04                                           
                                                                                
                                Parameter Estimates                                 
====================================================================================
                  Parameter  Std. Err.     T-stat    P-value    Lower CI    Upper CI
------------------------------------------------------------------------------------
const                1.8253     0.0010     1759.8     0.0000      1.8232      1.8273
DHHI*post_merger     0.1531     0.0432     3.5425     0.0004      0.0684      0.2377
post_merger          0.0024     0.0024     0.9943     0.3201     -0.0023      0.0070
trend                0.0024  4.646e-05     51.501     0.0000      0.0023      0.0025
====================================================================================

F-test for Poolability: 3327.8
P-value: 0.0000
Distribution: F(96567,2870238)

Included effects: Entity
dma_upc          months_since_start
500_948700007    0                     2006
501_948700007    0                     2006
502_948700007    0                     2006
503_948700007    0                     2006
504_948700007    0                     2006
                                       ... 
564_70436140024  47                    2009
596_70436140024  47                    2009
597_70436140024  47                    2009
617_70436140024  47                    2009
669_70436140024  47                    2009
Name: year, Length: 2967807, dtype: int64
regression with inflation-adjusted price and demographics covariates
                                    DHHI*post_merger  ...  lemployment_rate
dma_upc         months_since_start                    ...                  
500_948700007   0                           0.000000  ...         -0.034980
501_948700007   0                           0.000000  ...         -0.055479
502_948700007   0                           0.000000  ...         -0.040684
503_948700007   0                           0.000000  ...         -0.066470
504_948700007   0                           0.000000  ...         -0.043217
...                                              ...  ...               ...
564_70436140024 47                          0.049146  ...         -0.089380
596_70436140024 47                          0.053283  ...         -0.095636
597_70436140024 47                          0.045469  ...         -0.084218
617_70436140024 47                          0.071977  ...         -0.096752
669_70436140024 47                          0.095587  ...         -0.045041

[2967807 rows x 5 columns]
                          PanelOLS Estimation Summary                           
================================================================================
Dep. Variable:      ladjust_priceBEER   R-squared:                        0.0295
Estimator:                   PanelOLS   R-squared (Between):              0.0003
No. Observations:             2966809   R-squared (Within):               0.0295
Date:                Tue, May 05 2020   R-squared (Overall):          -3.838e-05
Time:                        16:11:11   Log-likelihood                 3.309e+06
Cov. Estimator:             Clustered                                           
                                        F-statistic:                   1.743e+04
Entities:                       96568   P-value                           0.0000
Avg Obs:                       30.722   Distribution:               F(5,2870236)
Min Obs:                       1.0000                                           
Max Obs:                       48.000   F-statistic (robust):             281.22
                                        P-value                           0.0000
Time periods:                      48   Distribution:               F(5,2870236)
Avg Obs:                    6.181e+04                                           
Min Obs:                    4.981e+04                                           
Max Obs:                    6.812e+04                                           
                                                                                
                                     Parameter Estimates                                      
==============================================================================================
                            Parameter  Std. Err.     T-stat    P-value    Lower CI    Upper CI
----------------------------------------------------------------------------------------------
const                          1.4435     0.1331     10.842     0.0000      1.1826      1.7045
DHHI*post_merger               0.1698     0.0501     3.3903     0.0007      0.0716      0.2680
post_merger                    0.0109     0.0028     3.8733     0.0001      0.0054      0.0164
trend                       3.166e-05  5.635e-05     0.5617     0.5743  -7.879e-05      0.0001
ladjusted_hhinc_per_person     0.0583     0.0124     4.6883     0.0000      0.0340      0.0827
lemployment_rate              -0.3200     0.0278    -11.516     0.0000     -0.3745     -0.2656
==============================================================================================

F-test for Poolability: 3214.0
P-value: 0.0000
Distribution: F(96567,2870236)

Included effects: Entity
