/home/yza4307/.local/lib/python3.6/site-packages/pandas/compat/_optional.py:106: UserWarning: Pandas requires version '1.2.1' or newer of 'bottleneck' (version '1.2.0' currently installed).
  warnings.warn(msg, UserWarning)
0it [00:00, ?it/s]1it [00:02,  2.73s/it]1it [00:02,  2.73s/it]
0it [00:00, ?it/s]1it [00:02,  2.86s/it]1it [00:02,  2.86s/it]
0it [00:00, ?it/s]1it [00:02,  2.86s/it]1it [00:02,  2.86s/it]
0it [00:00, ?it/s]1it [00:03,  3.22s/it]2it [00:03,  1.64s/it]
GUM
[2006, 2007, 2008, 2009]
month
                                  owner merging
0                                  Mars       1
1                               Wrigley       1
2              A Nut Above The Rest Inc       0
3                  Action Candy Company       0
4                        American Foods       0
5                               Au'some       0
6                   Brach's Confections       0
7                    Brand New Products       0
8                           C. Howard's       0
9                               Cadbury       0
10                       Candy Dynamics       0
11                              Canel's       0
12                           Casa Dulce       0
13                       CCA Industries       0
14                          Ce De Candy       0
15                      Church & Dwight       0
16                            CTL Foods       0
17                          Dulces Vero       0
18                            Eillien's       0
19                             El Guapo       0
20                   Farley's & Sathers       0
21               Ford Gum & Machine Co.       0
22  Frankford Candy & Chocolate Company       0
23              Galerie Candy and Gifts       0
24                           Gumrunners       0
25                              Hershey       0
26                                Hilco       0
27                         Imaginings 3       0
28                   Impact Confections       0
29                         Imperial Toy       0
30                          It's Delish       0
31                 Jelly Belly Candy Co       0
32                             Mad Croc       0
33                   Mayfair Sales Inc.       0
34                 Mount Franklin Foods       0
35              Mueller Sports Medicine       0
36                                Necco       0
37                               Nestlé       0
38                       New Era Brands       0
39             Perfetti Van Melle Group       0
40                              Philips       0
41               R.L. Albert & Son, Inc       0
42                Richardson Brands Co.       0
43                Schuster Products LLC       0
44                        Shari Candies       0
45                Sherwood Brands, Inc.       0
46                       SP Enterprises       0
47                            Starbucks       0
48                              Strauss       0
49                          Sweet N Fun       0
50               SweetWorks Confections       0
51            The Foreign Candy Company       0
52                          TheraBreath       0
53                        Thrifty White       0
54              Tootsie Roll Industries       0
55                                Topps       0
56                              unknown       0
57                                Verve       0
58                     Zeta Espacial SA       0
Unnamed: 0                      5
upc                    1121500006
units                         208
prmult                          1
price                    0.919478
feature                         0
display                         0
month                      200601
dma_code                      500
sales                      192.32
brand_code_uc              648098
brand_descr           SWEETHEARTS
multi                           1
size1_amount                   12
volume                       2496
owner initial               Necco
2007                        Necco
2008                        Necco
owner last                  Necco
Unnamed: 5                    NaN
Unnamed: 6                    NaN
Unnamed: 7                    NaN
Unnamed: 8                    NaN
Unnamed: 9                    NaN
owner                       Necco
merging                         0
month_str                  200601
t                          200601
post_merger                     0
months_since_start              0
Name: 0, dtype: object
Unnamed: 0                      3
upc                    1121500006
units                         153
prmult                          1
price                    0.916972
feature                         0
display                         0
month                      200701
dma_code                      500
sales                      140.73
brand_code_uc              648098
brand_descr           SWEETHEARTS
multi                           1
size1_amount                   12
volume                       1836
owner initial               Necco
2007                        Necco
2008                        Necco
owner last                  Necco
Unnamed: 5                    NaN
Unnamed: 6                    NaN
Unnamed: 7                    NaN
Unnamed: 8                    NaN
Unnamed: 9                    NaN
owner                       Necco
merging                         0
month_str                  200701
t                          200701
post_merger                     0
months_since_start             12
Name: 0, dtype: object
Unnamed: 0                             0
upc                           1070000925
units                                  1
prmult                                 1
price                               2.69
feature                              NaN
display                              NaN
month                             200801
dma_code                             527
sales                               2.69
brand_code_uc                     624959
brand_descr                   RAIN-BLO B
multi                                  1
size1_amount                         284
volume                               284
owner initial         Farley's & Sathers
2007                  Farley's & Sathers
2008                  Farley's & Sathers
owner last            Farley's & Sathers
Unnamed: 5                           NaN
Unnamed: 6                           NaN
Unnamed: 7                           NaN
Unnamed: 8                           NaN
Unnamed: 9                           NaN
owner                 Farley's & Sathers
merging                                0
month_str                         200801
t                                 200801
post_merger                            0
months_since_start                    24
Name: 0, dtype: object
Unnamed: 0                           0
upc                          953277115
units                                4
prmult                               1
price                             2.99
feature                            NaN
display                            NaN
month                           200901
dma_code                           502
sales                            11.96
brand_code_uc                   655225
brand_descr           TOPPS HERITAGE B
multi                                1
size1_amount                         1
volume                               4
owner initial                    Topps
2007                             Topps
2008                             Topps
owner last                       Topps
Unnamed: 5                         NaN
Unnamed: 6                         NaN
Unnamed: 7                         NaN
Unnamed: 8                         NaN
Unnamed: 9                         NaN
owner                            Topps
merging                              0
month_str                       200901
t                               200901
post_merger                          1
months_since_start                  36
Name: 0, dtype: object
Unnamed: 0                             110016
upc                                7728305111
units                                     166
prmult                                      1
price                                 17.3238
feature                                   NaN
display                                   NaN
month                                  200912
dma_code                                  532
sales                                 2738.47
brand_code_uc                          605264
brand_descr           NBL-NO COMPANY LISTED C
multi                                       1
size1_amount                                1
volume                                    166
owner initial                         unknown
2007                                  unknown
2008                                  unknown
owner last                            unknown
Unnamed: 5                                NaN
Unnamed: 6                                NaN
Unnamed: 7                                NaN
Unnamed: 8                                NaN
Unnamed: 9                                NaN
owner                                 unknown
merging                                     0
month_str                              200912
t                                      200912
post_merger                                 1
months_since_start                         47
Name: 0, dtype: object
