/home/zcw7438/.local/lib/python3.6/site-packages/pandas/compat/_optional.py:106: UserWarning: Pandas requires version '1.2.1' or newer of 'bottleneck' (version '1.2.0' currently installed).
  warnings.warn(msg, UserWarning)
sys:1: DtypeWarning: Columns (18,20,28,30,32,34,36,38,55) have mixed types. Specify dtype option on import or set low_memory=False.
/software/anaconda3.6/lib/python3.6/site-packages/numpy/lib/arraysetops.py:569: FutureWarning: elementwise comparison failed; returning scalar instead, but in the future will perform elementwise comparison
  mask |= (ar1 == a)
/home/zcw7438/.local/lib/python3.6/site-packages/pandas/compat/_optional.py:106: UserWarning: Pandas requires version '2.6.2' or newer of 'numexpr' (version '2.6.1' currently installed).
  warnings.warn(msg, UserWarning)
sys:1: DtypeWarning: Columns (18,20,24,28,30,32,34,36,38,55) have mixed types. Specify dtype option on import or set low_memory=False.
/software/anaconda3.6/lib/python3.6/site-packages/numpy/lib/arraysetops.py:569: FutureWarning: elementwise comparison failed; returning scalar instead, but in the future will perform elementwise comparison
  mask |= (ar1 == a)
sys:1: DtypeWarning: Columns (18,20,28,30,32,34,36,38,40,55) have mixed types. Specify dtype option on import or set low_memory=False.
sys:1: DtypeWarning: Columns (18,20,30,32,34,36,38) have mixed types. Specify dtype option on import or set low_memory=False.
sys:1: DtypeWarning: Columns (18,20,30,34,36,38) have mixed types. Specify dtype option on import or set low_memory=False.
sys:1: DtypeWarning: Columns (18,20,36,38) have mixed types. Specify dtype option on import or set low_memory=False.
   Unnamed: 0           t     sugar  Change quarter
0         NaN  1990-02-01  0.330000     NaN  1990Q1
1         NaN  1990-04-01  0.316667     NaN  1990Q2
2         NaN  1990-07-01  0.246667     NaN  1990Q3
3         NaN  1990-10-01  0.216667     NaN  1990Q4
4         NaN  1991-01-01  0.193333     NaN  1991Q1
   Unnamed: 0       upc  dma_code  ...  upc_dma_code     distance     sugar
0           0  10000001       529  ...  10000001 529   372.617769  0.376667
1           1  10000001       561  ...  10000001 561  1265.954500  0.290000
2           2  10000001       618  ...  10000001 618  1626.333591  0.376667
3           3  10000001       640  ...  10000001 640   850.837264  0.376667
4           4  10000001       652  ...  10000001 652   954.904401  0.290000

[5 rows x 38 columns]
   Unnamed: 0           t  cocoa_beans  Change quarter
0         NaN  2000-02-01     0.895000     NaN  2000Q1
1         NaN  2000-04-01     0.926667     NaN  2000Q2
2         NaN  2000-07-01     0.913333     NaN  2000Q3
3         NaN  2000-10-01     0.883333     NaN  2000Q4
4         NaN  2001-01-01     1.003333     NaN  2001Q1
   Unnamed: 0       upc  dma_code  ...     distance     sugar  cocoa_beans
0           0  10000001       529  ...   372.617769  0.376667     1.556667
1           1  10000001       561  ...  1265.954500  0.290000     2.596667
2           2  10000001       618  ...  1626.333591  0.376667     1.556667
3           3  10000001       640  ...   850.837264  0.376667     1.556667
4           4  10000001       652  ...   954.904401  0.290000     2.596667

[5 rows x 39 columns]
upc                                 10000001
units                                      1
prmult                                     1
price                                      1
feature                                  NaN
display                                  NaN
month                                 200601
dma_code                                 529
sales                                      1
brand_code_uc                         642145
brand_descr                         SPANGLER
multi                                      1
size1_amount                               6
volume                                     6
upc_ver_uc                                 1
panel_year                              2006
flavor_code                                0
flavor_descr                             NaN
form_code                               2419
form_descr                             FRUIT
formula_code                               0
formula_descr                            NaN
container_code                             0
container_descr                          NaN
salt_content_code                        NaN
salt_content_descr                       NaN
style_code                                 0
style_descr                              NaN
type_code                              13794
type_descr                            BUBBLE
product_code                               0
product_descr                            NaN
variety_code                             765
variety_descr                  NON-CHOCOLATE
organic_claim_code                         1
organic_claim_descr                      NaN
usda_organic_seal_code                     1
usda_organic_seal_descr                  NaN
common_consumer_name_code                NaN
common_consumer_name_descr               NaN
strength_code                            NaN
strength_descr                           NaN
scent_code                               NaN
scent_descr                              NaN
dosage_code                              NaN
dosage_descr                             NaN
gender_code                              NaN
gender_descr                             NaN
target_skin_condition_code               NaN
target_skin_condition_descr              NaN
use_code                                 NaN
use_descr                                NaN
size2_code                               NaN
size2_amount                             NaN
size2_units                              NaN
year                                    2006
product                                CANDY
upc_year                       10000001 2006
mint                                    MINT
Name: 0, dtype: object
Traceback (most recent call last):
  File "logitEstimation.py", line 81, in <module>
    GenerateDEData(products, quarterOrMonth, inputs, characteristics)
  File "logitEstimation.py", line 34, in GenerateDEData
    data = data.merge(add_features, how = 'left', left_on = 'upc_year', right_on = 'upc_year')
  File "/home/zcw7438/.local/lib/python3.6/site-packages/pandas/core/frame.py", line 7349, in merge
    validate=validate,
  File "/home/zcw7438/.local/lib/python3.6/site-packages/pandas/core/reshape/merge.py", line 83, in merge
    return op.get_result()
  File "/home/zcw7438/.local/lib/python3.6/site-packages/pandas/core/reshape/merge.py", line 642, in get_result
    join_index, left_indexer, right_indexer = self._get_join_info()
  File "/home/zcw7438/.local/lib/python3.6/site-packages/pandas/core/reshape/merge.py", line 859, in _get_join_info
    (left_indexer, right_indexer) = self._get_join_indexers()
  File "/home/zcw7438/.local/lib/python3.6/site-packages/pandas/core/reshape/merge.py", line 838, in _get_join_indexers
    self.left_join_keys, self.right_join_keys, sort=self.sort, how=self.how
  File "/home/zcw7438/.local/lib/python3.6/site-packages/pandas/core/reshape/merge.py", line 1320, in _get_join_indexers
    return join_func(lkey, rkey, count, **kwargs)
  File "pandas/_libs/join.pyx", line 96, in pandas._libs.join.left_outer_join
MemoryError
