/home/yza4307/.local/lib/python3.6/site-packages/pandas/compat/_optional.py:106: UserWarning: Pandas requires version '1.2.1' or newer of 'bottleneck' (version '1.2.0' currently installed).
  warnings.warn(msg, UserWarning)
DID_regression.py:115: SettingWithCopyWarning: 
A value is trying to be set on a copy of a slice from a DataFrame.
Try using .loc[row_indexer,col_indexer] = value instead

See the caveats in the documentation: http://pandas.pydata.org/pandas-docs/stable/user_guide/indexing.html#returning-a-view-versus-a-copy
  oneYearFirmDMA['dma_size'] = oneYearFirmDMA['dma_code'].map(DMAVolumeMap['volume'])
/home/yza4307/.local/lib/python3.6/site-packages/pandas/compat/_optional.py:106: UserWarning: Pandas requires version '2.6.2' or newer of 'numexpr' (version '2.6.1' currently installed).
  warnings.warn(msg, UserWarning)
/software/anaconda3.6/lib/python3.6/site-packages/numpy/core/fromnumeric.py:2389: FutureWarning: Method .ptp is deprecated and will be removed in a future version. Use numpy.ptp instead.
  return ptp(axis=axis, out=out, **kwargs)
CANDY
       include
t             
2006Q1       0
2006Q2       0
2006Q3       0
2006Q4       0
2007Q1       0
2007Q2       1
2007Q3       1
2007Q4       1
2008Q1       1
2008Q2       0
2008Q3       0
2008Q4       0
2009Q1       0
2009Q2       0
2009Q3       0
2009Q4       0
                volume
dma_code              
500       2.172327e+08
501       2.951397e+09
502       2.166690e+07
503       5.599310e+07
504       1.628865e+09
...                ...
855       8.687993e+07
862       4.471695e+08
866       1.936955e+08
868       4.947016e+07
881       1.232151e+08

[205 rows x 1 columns]
           owner  dma_code quarter  ...  time_str  include      dma_size
3632904     Mars       500  2007Q2  ...    2007Q2        1  2.172327e+08
3632905     Mars       501  2007Q2  ...    2007Q2        1  2.951397e+09
3632906     Mars       502  2007Q2  ...    2007Q2        1  2.166690e+07
3632907     Mars       503  2007Q2  ...    2007Q2        1  5.599310e+07
3632908     Mars       504  2007Q2  ...    2007Q2        1  1.628865e+09
...          ...       ...     ...  ...       ...      ...           ...
6078191  Wrigley       528  2008Q1  ...    2008Q1        1  5.827336e+08
6078192  Wrigley       535  2008Q1  ...    2008Q1        1  3.250000e+08
6078193  Wrigley       637  2008Q1  ...    2008Q1        1  1.201757e+08
6078194  Wrigley       762  2008Q1  ...    2008Q1        1  3.536647e+07
6078195  Wrigley       770  2008Q1  ...    2008Q1        1  3.254347e+08

[453636 rows x 8 columns]
['Mars' 'Wrigley']
     owner  dma_code  ...  post_merger_share_square      DHHI
0      NaN       500  ...                  0.117817  0.058836
1      NaN       501  ...                  0.195141  0.097497
2      NaN       502  ...                  0.117788  0.057447
3      NaN       503  ...                  0.149474  0.067109
4      NaN       504  ...                  0.154890  0.076361
..     ...       ...  ...                       ...       ...
200    NaN       855  ...                  0.155787  0.065283
201    NaN       862  ...                  0.149657  0.066601
202    NaN       866  ...                  0.134766  0.061489
203    NaN       868  ...                  0.134652  0.062568
204    NaN       881  ...                  0.125789  0.058556

[205 rows x 12 columns]
              DHHI
dma_code          
500       0.058836
501       0.097497
502       0.057447
503       0.067109
504       0.076361
...            ...
855       0.065283
862       0.066601
866       0.061489
868       0.062568
881       0.058556

[205 rows x 1 columns]
                                       DHHI*post_merger  post_merger  trend
dma_upc          quarters_since_start                                      
529_10000001     0                             0.000000            0      0
618_10000001     0                             0.000000            0      0
640_10000001     0                             0.000000            0      0
693_10000001     0                             0.000000            0      0
789_10000001     0                             0.000000            0      0
...                                                 ...          ...    ...
855_937582890889 15                            0.065283            1     15
862_937582890889 15                            0.066601            1     15
866_937582890889 15                            0.061489            1     15
868_937582890889 15                            0.062568            1     15
881_937582890889 15                            0.058556            1     15

[10868697 rows x 3 columns]
                          PanelOLS Estimation Summary                           
================================================================================
Dep. Variable:           lprice_CANDY   R-squared:                        0.0014
Estimator:                   PanelOLS   R-squared (Between):             -0.0084
No. Observations:            10868697   R-squared (Within):               0.0014
Date:                Mon, Apr 06 2020   R-squared (Overall):              0.0014
Time:                        23:25:17   Log-likelihood                -2.634e+06
Cov. Estimator:             Clustered                                           
                                        F-statistic:                      4093.5
Entities:                     2060550   P-value                           0.0000
Avg Obs:                       5.2747   Distribution:               F(3,8808144)
Min Obs:                       1.0000                                           
Max Obs:                       16.000   F-statistic (robust):             318.39
                                        P-value                           0.0000
Time periods:                      16   Distribution:               F(3,8808144)
Avg Obs:                    6.793e+05                                           
Min Obs:                     5.67e+05                                           
Max Obs:                    8.588e+05                                           
                                                                                
                                Parameter Estimates                                 
====================================================================================
                  Parameter  Std. Err.     T-stat    P-value    Lower CI    Upper CI
------------------------------------------------------------------------------------
const                0.5026     0.0016     309.55     0.0000      0.4994      0.5057
DHHI*post_merger    -1.0993     0.2854    -3.8511     0.0001     -1.6587     -0.5398
post_merger          0.0351     0.0188     1.8665     0.0620     -0.0018      0.0720
trend                0.0054     0.0002     21.917     0.0000      0.0049      0.0059
====================================================================================

F-test for Poolability: 28.133
P-value: 0.0000
Distribution: F(2060549,8808144)

Included effects: Entity
