/home/zcw7438/.local/lib/python3.6/site-packages/pandas/compat/_optional.py:106: UserWarning: Pandas requires version '1.2.1' or newer of 'bottleneck' (version '1.2.0' currently installed).
  warnings.warn(msg, UserWarning)
  dma_code_quarter  dma_code  ... mint  chocolate
0       529 2006Q1       529  ...    0          0
2       618 2006Q1       618  ...    0          0
3       640 2006Q1       640  ...    0          0
5       693 2006Q1       693  ...    0          0
6       789 2006Q1       789  ...    0          0

[5 rows x 14 columns]
Initializing the problem ...
Absorbing demand-side fixed effects ...
Traceback (most recent call last):
  File "plainLogit.py", line 35, in <module>
    GenerateDEData(products, quarterOrMonth, inputs, characteristics)
  File "plainLogit.py", line 21, in GenerateDEData
    problem = pyblp.Problem(logit_formulation, demand_estimation_data)
  File "/home/zcw7438/.local/lib/python3.6/site-packages/pyblp/economies/problem.py", line 1216, in __init__
    self._detect_collinearity()
  File "/home/zcw7438/.local/lib/python3.6/site-packages/pyblp/economies/economy.py", line 184, in _detect_collinearity
    f"Detected collinearity issues with [{collinear_labels}] and at least one other column in {name}. "
ValueError: Detected collinearity issues with [CANDY, GUM] and at least one other column in X1. Absorbed fixed effects may be creating collinearity problems. To disable collinearity checks, set options.collinear_atol = options.collinear_rtol = 0.
