/home/yza4307/.local/lib/python3.6/site-packages/pandas/compat/_optional.py:106: UserWarning: Pandas requires version '1.2.1' or newer of 'bottleneck' (version '1.2.0' currently installed).
  warnings.warn(msg, UserWarning)
/home/yza4307/.local/lib/python3.6/site-packages/pandas/compat/_optional.py:106: UserWarning: Pandas requires version '2.6.2' or newer of 'numexpr' (version '2.6.1' currently installed).
  warnings.warn(msg, UserWarning)
/software/anaconda3.6/lib/python3.6/site-packages/numpy/core/fromnumeric.py:2389: FutureWarning: Method .ptp is deprecated and will be removed in a future version. Use numpy.ptp instead.
  return ptp(axis=axis, out=out, **kwargs)
CANDY
                          PanelOLS Estimation Summary                           
================================================================================
Dep. Variable:           lprice_CANDY   R-squared:                        0.0016
Estimator:                   PanelOLS   R-squared (Between):             -0.0078
No. Observations:            10868697   R-squared (Within):               0.0016
Date:                Mon, Apr 06 2020   R-squared (Overall):              0.0021
Time:                        23:20:48   Log-likelihood                -2.633e+06
Cov. Estimator:             Clustered                                           
                                        F-statistic:                      4674.6
Entities:                     2060550   P-value                           0.0000
Avg Obs:                       5.2747   Distribution:               F(3,8808144)
Min Obs:                       1.0000                                           
Max Obs:                       16.000   F-statistic (robust):             804.32
                                        P-value                           0.0000
Time periods:                      16   Distribution:               F(3,8808144)
Avg Obs:                    6.793e+05                                           
Min Obs:                     5.67e+05                                           
Max Obs:                    8.588e+05                                           
                                                                                
                                  Parameter Estimates                                  
=======================================================================================
                     Parameter  Std. Err.     T-stat    P-value    Lower CI    Upper CI
---------------------------------------------------------------------------------------
const                   0.5028     0.0018     284.61     0.0000      0.4993      0.5062
post_merger*merging     0.0393     0.0011     36.095     0.0000      0.0372      0.0415
post_merger            -0.0430     0.0013    -32.679     0.0000     -0.0456     -0.0404
trend                   0.0053     0.0002     21.668     0.0000      0.0049      0.0058
=======================================================================================

F-test for Poolability: 28.117
P-value: 0.0000
Distribution: F(2060549,8808144)

Included effects: Entity
