/home/yza4307/.local/lib/python3.6/site-packages/pandas/compat/_optional.py:106: UserWarning: Pandas requires version '1.2.1' or newer of 'bottleneck' (version '1.2.0' currently installed).
  warnings.warn(msg, UserWarning)
CANDY
Traceback (most recent call last):
  File "DID_regression.py", line 216, in <module>
    DID_regression(product, frequency, mktshare, mergingt,mergersMap[product])
  File "DID_regression.py", line 101, in DID_regression
    data = pd.read_csv("../../GeneratedData/"+product+"_DID_without_share_"+frequency+".tsv", delimiter = '\t')
  File "/home/yza4307/.local/lib/python3.6/site-packages/pandas/io/parsers.py", line 685, in parser_f
    return _read(filepath_or_buffer, kwds)
  File "/home/yza4307/.local/lib/python3.6/site-packages/pandas/io/parsers.py", line 457, in _read
    parser = TextFileReader(fp_or_buf, **kwds)
  File "/home/yza4307/.local/lib/python3.6/site-packages/pandas/io/parsers.py", line 895, in __init__
    self._make_engine(self.engine)
  File "/home/yza4307/.local/lib/python3.6/site-packages/pandas/io/parsers.py", line 1135, in _make_engine
    self._engine = CParserWrapper(self.f, **self.options)
  File "/home/yza4307/.local/lib/python3.6/site-packages/pandas/io/parsers.py", line 1917, in __init__
    self._reader = parsers.TextReader(src, **kwds)
  File "pandas/_libs/parsers.pyx", line 382, in pandas._libs.parsers.TextReader.__cinit__
  File "pandas/_libs/parsers.pyx", line 689, in pandas._libs.parsers.TextReader._setup_parser_source
FileNotFoundError: [Errno 2] File b'../../GeneratedData/CANDY_DID_without_share_quarter.tsv' does not exist: b'../../GeneratedData/CANDY_DID_without_share_quarter.tsv'
