/home/yza4307/.local/lib/python3.6/site-packages/pandas/compat/_optional.py:106: UserWarning: Pandas requires version '1.2.1' or newer of 'bottleneck' (version '1.2.0' currently installed).
  warnings.warn(msg, UserWarning)
DID_regression.py:150: SettingWithCopyWarning: 
A value is trying to be set on a copy of a slice from a DataFrame.
Try using .loc[row_indexer,col_indexer] = value instead

See the caveats in the documentation: http://pandas.pydata.org/pandas-docs/stable/user_guide/indexing.html#returning-a-view-versus-a-copy
  oneYearFirmDMA['dma_size'] = oneYearFirmDMA['dma_code'].map(DMAVolumeMap['volume'])
/home/yza4307/.local/lib/python3.6/site-packages/pandas/compat/_optional.py:106: UserWarning: Pandas requires version '2.6.2' or newer of 'numexpr' (version '2.6.1' currently installed).
  warnings.warn(msg, UserWarning)
/software/anaconda3.6/lib/python3.6/site-packages/numpy/core/fromnumeric.py:2389: FutureWarning: Method .ptp is deprecated and will be removed in a future version. Use numpy.ptp instead.
  return ptp(axis=axis, out=out, **kwargs)
CANDY
                                  owner merging
0                                  Mars       1
1                               Wrigley       1
2             American Licorice Company       0
3                    Asher’s Chocolates       0
4                         August Storck       0
5                   Brach's Confections       0
6            Bradford Chocolate Factory       0
7                         Brown & Haley       0
8                               Cadbury       0
9                      Callard & Bowser       0
10                          Ce De Candy       0
11                            Colombina       0
12                            CTL Foods       0
13              Elmer Candy Corporation       0
14                   Farley's & Sathers       0
15                    FB Washburn Candy       0
16                    Ferrara Pan Candy       0
17                              Ferrero       0
18  Frankford Candy & Chocolate Company       0
19              Galerie Candy and Gifts       0
20               Goetze's Candy Company       0
21                          Grupo Arcor       0
22                               Haribo       0
23                              Hershey       0
24                   Impact Confections       0
25                 Jelly Belly Candy Co       0
26                                Joyva       0
27                        Just Born Inc       0
28                     Kraft Foods Inc.       0
29                     Lindt & Sprüngli       0
30                      Log House Foods       0
31                   Maxfield Candy Co.       0
32                   Mayfair Sales Inc.       0
33                 Mount Franklin Foods       0
34                          Mrs. Fields       0
35                                Necco       0
36                               Nestlé       0
37              Old Dominion Peanut Co.       0
38              Pearson's Candy Company       0
39                   Perfetti Van Melle       0
40               Piedmont Candy Company       0
41               R.L. Albert & Son, Inc       0
42                         RM Palmer Co       0
43           Russell Stover Candies Inc       0
44                        Shari Candies       0
45                Sherwood Brands, Inc.       0
46                       Simply Goodies       0
47               Spangler Candy Company       0
48       Sun-Maid Growers of California       0
49                  Sweet Candy Company       0
50              Tootsie Roll Industries       0
51                              unknown       0
52             World's Finest Chocolate       0
53                  Zachary Confections       0
       include
t             
200601       0
200602       0
200603       0
200604       0
200605       0
200606       0
200607       0
200608       0
200609       0
200610       0
200611       0
200612       0
200701       0
200702       0
200703       0
200704       0
200705       1
200706       1
200707       1
200708       1
200709       1
200710       1
200711       1
200712       1
200801       1
200802       1
200803       1
200804       1
200806       0
200808       0
200809       0
200810       0
200811       0
200812       0
200805       0
200807       0
200901       0
200902       0
200903       0
200904       0
200905       0
200906       0
200907       0
200908       0
200909       0
200910       0
200911       0
200912       0
                volume
dma_code              
500       2.133059e+08
501       2.908501e+09
502       2.130941e+07
503       5.443471e+07
504       1.605106e+09
...                ...
855       8.453424e+07
862       4.295282e+08
866       1.837640e+08
868       4.684652e+07
881       1.199572e+08

[205 rows x 1 columns]
            owner  dma_code   month  ...  time_str include      dma_size
8874811   Wrigley       501  200705  ...    200705       1  2.908501e+09
8874812   Wrigley       505  200705  ...    200705       1  5.588821e+08
8874813   Wrigley       524  200705  ...    200705       1  7.396772e+08
8874814   Wrigley       527  200705  ...    200705       1  2.691601e+08
8874815   Wrigley       528  200705  ...    200705       1  5.686006e+08
...           ...       ...     ...  ...       ...     ...           ...
14993480     Mars       855  200804  ...    200804       1  8.453424e+07
14993481     Mars       862  200804  ...    200804       1  4.295282e+08
14993482     Mars       866  200804  ...    200804       1  1.837640e+08
14993483     Mars       868  200804  ...    200804       1  4.684652e+07
14993484     Mars       881  200804  ...    200804       1  1.199572e+08

[1148193 rows x 8 columns]
['Wrigley' 'Mars']
     owner  dma_code  ...  post_merger_share_square      DHHI
0      NaN       500  ...                  0.120713  0.060254
1      NaN       501  ...                  0.198471  0.099156
2      NaN       502  ...                  0.117158  0.056869
3      NaN       503  ...                  0.155979  0.069732
4      NaN       504  ...                  0.156146  0.077044
..     ...       ...  ...                       ...       ...
200    NaN       855  ...                  0.160481  0.066718
201    NaN       862  ...                  0.157082  0.069064
202    NaN       866  ...                  0.144563  0.065318
203    NaN       868  ...                  0.145097  0.066729
204    NaN       881  ...                  0.130589  0.060519

[205 rows x 12 columns]
              DHHI
dma_code          
500       0.060254
501       0.099156
502       0.056869
503       0.069732
504       0.077044
...            ...
855       0.066718
862       0.069064
866       0.065318
868       0.066729
881       0.060519

[205 rows x 1 columns]
                                     DHHI*post_merger  post_merger  trend
dma_upc          months_since_start                                      
529_10000001     0                           0.000000            0      0
618_10000001     0                           0.000000            0      0
789_10000001     0                           0.000000            0      0
616_3080000145   0                           0.000000            0      0
637_3080000145   0                           0.000000            0      0
...                                               ...          ...    ...
855_937582890889 47                          0.066718            1     47
862_937582890889 47                          0.069064            1     47
866_937582890889 47                          0.065318            1     47
868_937582890889 47                          0.066729            1     47
881_937582890889 47                          0.060519            1     47

[26461629 rows x 3 columns]
                          PanelOLS Estimation Summary                           
================================================================================
Dep. Variable:           lprice_CANDY   R-squared:                        0.0041
Estimator:                   PanelOLS   R-squared (Between):             -0.0101
No. Observations:            26461629   R-squared (Within):               0.0041
Date:                Sat, Apr 04 2020   R-squared (Overall):              0.0029
Time:                        23:36:24   Log-likelihood                -7.341e+06
Cov. Estimator:             Clustered                                           
                                        F-statistic:                   3.372e+04
Entities:                     2060550   P-value                           0.0000
Avg Obs:                       12.842   Distribution:              F(3,24401076)
Min Obs:                       1.0000                                           
Max Obs:                       48.000   F-statistic (robust):             2362.4
                                        P-value                           0.0000
Time periods:                      48   Distribution:              F(3,24401076)
Avg Obs:                    5.513e+05                                           
Min Obs:                    4.391e+05                                           
Max Obs:                     6.76e+05                                           
                                                                                
                                Parameter Estimates                                 
====================================================================================
                  Parameter  Std. Err.     T-stat    P-value    Lower CI    Upper CI
------------------------------------------------------------------------------------
const                0.4989     0.0016     317.66     0.0000      0.4958      0.5020
DHHI*post_merger    -0.8387     0.2461    -3.4073     0.0007     -1.3211     -0.3562
post_merger          0.1116     0.0163     6.8348     0.0000      0.0796      0.1436
trend               -0.0002  7.745e-05    -1.9440     0.0519     -0.0003   1.233e-06
====================================================================================

F-test for Poolability: 67.518
P-value: 0.0000
Distribution: F(2060549,24401076)

Included effects: Entity
