/home/yza4307/.local/lib/python3.6/site-packages/pandas/compat/_optional.py:106: UserWarning: Pandas requires version '1.2.1' or newer of 'bottleneck' (version '1.2.0' currently installed).
  warnings.warn(msg, UserWarning)
/home/yza4307/.local/lib/python3.6/site-packages/pandas/compat/_optional.py:106: UserWarning: Pandas requires version '2.6.2' or newer of 'numexpr' (version '2.6.1' currently installed).
  warnings.warn(msg, UserWarning)
/software/anaconda3.6/lib/python3.6/site-packages/numpy/core/fromnumeric.py:2389: FutureWarning: Method .ptp is deprecated and will be removed in a future version. Use numpy.ptp instead.
  return ptp(axis=axis, out=out, **kwargs)
CANDY
                          PanelOLS Estimation Summary                           
================================================================================
Dep. Variable:           lprice_CANDY   R-squared:                        0.0009
Estimator:                   PanelOLS   R-squared (Between):             -0.0089
No. Observations:            10868697   R-squared (Within):               0.0009
Date:                Sun, Apr 05 2020   R-squared (Overall):              0.0014
Time:                        12:08:09   Log-likelihood                -2.636e+06
Cov. Estimator:             Clustered                                           
                                        F-statistic:                      2784.3
Entities:                     2060550   P-value                           0.0000
Avg Obs:                       5.2747   Distribution:               F(3,8808144)
Min Obs:                       1.0000                                           
Max Obs:                       16.000   F-statistic (robust):             552.41
                                        P-value                           0.0000
Time periods:                      16   Distribution:               F(3,8808144)
Avg Obs:                    6.793e+05                                           
Min Obs:                     5.67e+05                                           
Max Obs:                    8.588e+05                                           
                                                                                
                                  Parameter Estimates                                  
=======================================================================================
                     Parameter  Std. Err.     T-stat    P-value    Lower CI    Upper CI
---------------------------------------------------------------------------------------
const                   0.5189     0.0019     271.02     0.0000      0.5151      0.5226
post_merger*merging     0.0219     0.0010     21.990     0.0000      0.0199      0.0238
post_merger             0.0194     0.0011     18.166     0.0000      0.0173      0.0215
trend                   0.0003     0.0003     1.2568     0.2088     -0.0002      0.0009
=======================================================================================

F-test for Poolability: 28.114
P-value: 0.0000
Distribution: F(2060549,8808144)

Included effects: Entity
