/home/zcw7438/.local/lib/python3.6/site-packages/pandas/compat/_optional.py:106: UserWarning: Pandas requires version '1.2.1' or newer of 'bottleneck' (version '1.2.0' currently installed).
  warnings.warn(msg, UserWarning)
  dma_code_quarter  upc_dma_code  ...  mint  chocolate
0       529 2006Q1  10000001 529  ...     0          0
1       561 2009Q1  10000001 561  ...     0          0
2       618 2006Q1  10000001 618  ...     0          0
3       640 2006Q1  10000001 640  ...     0          0
4       652 2009Q1  10000001 652  ...     0          0

[5 rows x 13 columns]
Initializing the problem ...
Traceback (most recent call last):
  File "logitEstimation.py", line 48, in <module>
    GenerateDEData(products, quarterOrMonth, inputs, characteristics)
  File "logitEstimation.py", line 20, in GenerateDEData
    problem = pyblp.Problem(logit_formulation, demand_estimation_data)
  File "/home/zcw7438/.local/lib/python3.6/site-packages/pyblp/economies/problem.py", line 1193, in __init__
    products = Products(product_formulations, product_data, add_exogenous=add_exogenous)
  File "/home/zcw7438/.local/lib/python3.6/site-packages/pyblp/primitives.py", line 130, in __new__
    demand_ids = product_formulations[0]._build_ids(product_data)
  File "/home/zcw7438/.local/lib/python3.6/site-packages/pyblp/configurations/formulation.py", line 236, in _build_ids
    term_design = design_matrix([term], data_mapping)
  File "/home/zcw7438/.local/lib/python3.6/site-packages/pyblp/configurations/formulation.py", line 435, in design_matrix
    return patsy.build.design_matrix_builders([terms], lambda: iter([data]), EvaluationEnvironment([data]))[0]
  File "/home/zcw7438/.local/lib/python3.6/site-packages/patsy/build.py", line 721, in design_matrix_builders
    cat_levels_contrasts)
  File "/home/zcw7438/.local/lib/python3.6/site-packages/patsy/build.py", line 628, in _make_subterm_infos
    default=Treatment)
  File "/home/zcw7438/.local/lib/python3.6/site-packages/patsy/contrasts.py", line 600, in code_contrast_matrix
    return contrast.code_with_intercept(levels)
  File "/home/zcw7438/.local/lib/python3.6/site-packages/pyblp/configurations/formulation.py", line 378, in code_with_intercept
    return patsy.contrasts.ContrastMatrix(np.eye(len(levels)), [cls.format_suffix(l) for l in levels])
  File "/software/anaconda3.6/lib/python3.6/site-packages/numpy/lib/twodim_base.py", line 201, in eye
    m = zeros((N, M), dtype=dtype, order=order)
MemoryError
