/home/zcw7438/.local/lib/python3.6/site-packages/pandas/compat/_optional.py:106: UserWarning: Pandas requires version '1.2.1' or newer of 'bottleneck' (version '1.2.0' currently installed).
  warnings.warn(msg, UserWarning)
/home/zcw7438/.local/lib/python3.6/site-packages/pandas/compat/_optional.py:106: UserWarning: Pandas requires version '2.6.2' or newer of 'numexpr' (version '2.6.1' currently installed).
  warnings.warn(msg, UserWarning)
/software/anaconda3.6/lib/python3.6/site-packages/numpy/lib/arraysetops.py:569: FutureWarning: elementwise comparison failed; returning scalar instead, but in the future will perform elementwise comparison
  mask |= (ar1 == a)
1
2
3
4
5
6
7
8
9
10
11
12
13
14
15
16
17
18
19
20
21
22
23
24
25
26
27
28
29
30
31
32
33
34
35
36
37
38
39
40
41
42
43
44
45
46
47
48
49
50
51
52
53
Loaded BEER products
upc         1.500000e+07
dma_code    7.570000e+02
distance    3.348189e+03
Name: 0, dtype: float64
upc                                                 15000002
dma_code                                                 757
y-q                                                   2007Q2
volume                                                    36
price                                                 0.0675
size1_amount                                              12
size1_units                                               OZ
brand_descr                           SIERRA NEVADA SEASONAL
owner initial                                  Sierra Nevada
owner last                                     Sierra Nevada
quarter                                               2007Q2
year                                                    2007
# quarter                                                  2
market_size                                       7.1255e+07
market_size_DMA                                  1.14727e+08
market_share                                     3.13789e-07
postmerger                                                 0
quarter_since_start                                        5
involved                                                   0
involvedpostmerger                                         0
product-region                                  15000002 757
time                                                       5
cpiu                                                 207.662
price_index                                          1.24226
adjusted_price                                     0.0838527
log_adjusted_price                                  -2.47869
hhinc_per_person_mean                                33421.7
hhinc_per_person_median                              26944.9
employment_rate                                     0.951952
adjusted_hhinc_per_person_mean                       41518.5
log_adjusted_hhinc_per_person_mean                   10.6339
log_employment_rate                               -0.0492407
product                                                 BEER
upc_dma_code                                    15000002 757
distance                                             3348.19
Name: 0, dtype: object
