Index(['Unnamed: 0', 'upc', 'dma_code', 'month', 'volume', 'price',
       'size1_amount', 'size1_units', 'brand_descr', 'owner initial',
       'owner last', 'y-m-d', 'year', '# month', 'market_size',
       'market_size_DMA', 'market_share', 'postmerger', 'month_since_start',
       'involved', 'involvedpostmerger', 'product-region', 'time', 'cpiu',
       'price_index', 'adjusted_price', 'log_adjusted_price',
       'hhinc_per_person_mean', 'hhinc_per_person_median', 'employment_rate',
       'adjusted_hhinc_per_person_mean', 'log_adjusted_hhinc_per_person_mean',
       'log_employment_rate', 'product', 'upc_dma_code', 'distance'],
      dtype='object')
   Unnamed: 0       upc  dma_code  ...  product  upc_dma_code     distance
0           0  15000002       757  ...     BEER  15000002 757  3348.189109
1           1  15000002       757  ...     BEER  15000002 757  3348.189109
2           2  15000003       501  ...     BEER  15000003 501   538.845945
3           3  15000003       501  ...     BEER  15000003 501   538.845945
4           4  15000003       501  ...     BEER  15000003 501   538.845945

[5 rows x 36 columns]
                  median
dma_code_month          
500200601       0.000167
500200602       0.000167
500200603       0.000182
500200604       0.000267
500200605       0.000248
...                  ...
881200908       0.000312
881200909       0.000238
881200910       0.000224
881200911       0.000173
881200912       0.000181

[9721 rows x 1 columns]
                         min
dma_code_month              
500200601       8.004256e-08
500200602       8.004256e-08
500200603       1.284016e-07
500200604       1.600851e-07
500200605       8.004256e-08
...                      ...
881200908       9.393483e-08
881200909       1.502957e-07
881200910       9.393483e-08
881200911       1.610311e-07
881200912       1.610311e-07

[9721 rows x 1 columns]
                     max
dma_code_month          
500200601       0.019681
500200602       0.021062
500200603       0.021230
500200604       0.020334
500200605       0.034242
...                  ...
881200908       0.038203
881200909       0.027870
881200910       0.028275
881200911       0.023464
881200912       0.021454

[9721 rows x 1 columns]
                    mean
dma_code_month          
500200601       0.000820
500200602       0.000876
500200603       0.000846
500200604       0.001081
500200605       0.001123
...                  ...
881200908       0.001429
881200909       0.001036
881200910       0.001060
881200911       0.000852
881200912       0.000852

[9721 rows x 1 columns]
                     sum
dma_code_month          
500200601       0.257615
500200602       0.289129
500200603       0.273379
500200604       0.351461
500200605       0.363952
...                  ...
881200908       0.625770
881200909       0.446672
881200910       0.461123
881200911       0.371666
881200912       0.367856

[9721 rows x 1 columns]
                  median           min       max      mean       sum
dma_code_month                                                      
500200601       0.000167  8.004256e-08  0.019681  0.000820  0.257615
500200602       0.000167  8.004256e-08  0.021062  0.000876  0.289129
500200603       0.000182  1.284016e-07  0.021230  0.000846  0.273379
500200604       0.000267  1.600851e-07  0.020334  0.001081  0.351461
500200605       0.000248  8.004256e-08  0.034242  0.001123  0.363952
Index(['Unnamed: 0', 'upc', 'dma_code', 'month', 'volume', 'price',
       'size1_amount', 'size1_units', 'brand_descr', 'owner initial',
       'owner last', 'y-m-d', 'year', '# month', 'volume_original_unit',
       'market_size', 'market_size_DMA', 'market_share', 'postmerger',
       'month_since_start', 'involved', 'involvedpostmerger', 'product-region',
       'time', 'cpiu', 'price_index', 'adjusted_price', 'log_adjusted_price',
       'hhinc_per_person_mean', 'hhinc_per_person_median', 'employment_rate',
       'adjusted_hhinc_per_person_mean', 'log_adjusted_hhinc_per_person_mean',
       'log_employment_rate', 'product', 'upc_dma_code', 'distance'],
      dtype='object')
   Unnamed: 0       upc  dma_code  ...  product  upc_dma_code     distance
0           0  10000001       529  ...    CANDY  10000001 529   372.617769
1           1  10000001       529  ...    CANDY  10000001 529   372.617769
2           2  10000001       561  ...    CANDY  10000001 561  1265.954500
3           3  10000001       618  ...    CANDY  10000001 618  1626.333591
4           4  10000001       640  ...    CANDY  10000001 640   850.837264

[5 rows x 37 columns]
                  median
dma_code_month          
500200601       0.000014
500200602       0.000021
500200603       0.000017
500200604       0.000034
500200605       0.000016
...                  ...
881200908       0.000026
881200909       0.000023
881200910       0.000026
881200911       0.000023
881200912       0.000033

[9840 rows x 1 columns]
                         min
dma_code_month              
500200601       5.652935e-09
500200602       1.785137e-08
500200603       1.487614e-08
500200604       5.652935e-09
500200605       1.398358e-08
...                      ...
881200908       2.177295e-08
881200909       1.187616e-08
881200910       9.896796e-09
881200911       3.958718e-09
881200912       3.958718e-09

[9840 rows x 1 columns]
                     max
dma_code_month          
500200601       0.046592
500200602       0.056428
500200603       0.061605
500200604       0.069370
500200605       0.076100
...                  ...
881200908       0.006045
881200909       0.003949
881200910       0.026943
881200911       0.008397
881200912       0.010269

[9840 rows x 1 columns]
                    mean
dma_code_month          
500200601       0.000102
500200602       0.000129
500200603       0.000130
500200604       0.000192
500200605       0.000147
...                  ...
881200908       0.000142
881200909       0.000113
881200910       0.000219
881200911       0.000122
881200912       0.000172

[9840 rows x 1 columns]
                     sum
dma_code_month          
500200601       0.301531
500200602       0.404586
500200603       0.386120
500200604       0.549996
500200605       0.368962
...                  ...
881200908       0.338413
881200909       0.291681
881200910       0.639088
881200911       0.392145
881200912       0.528451

[9840 rows x 1 columns]
                  median           min       max      mean       sum
dma_code_month                                                      
500200601       0.000014  5.652935e-09  0.046592  0.000102  0.301531
500200602       0.000021  1.785137e-08  0.056428  0.000129  0.404586
500200603       0.000017  1.487614e-08  0.061605  0.000130  0.386120
500200604       0.000034  5.652935e-09  0.069370  0.000192  0.549996
500200605       0.000016  1.398358e-08  0.076100  0.000147  0.368962
