/home/zcw7438/.local/lib/python3.6/site-packages/pandas/compat/_optional.py:106: UserWarning: Pandas requires version '1.2.1' or newer of 'bottleneck' (version '1.2.0' currently installed).
  warnings.warn(msg, UserWarning)
/home/zcw7438/.local/lib/python3.6/site-packages/pandas/compat/_optional.py:106: UserWarning: Pandas requires version '2.6.2' or newer of 'numexpr' (version '2.6.1' currently installed).
  warnings.warn(msg, UserWarning)
sys:1: DtypeWarning: Columns (18,20,28,30,32,34,36,38,55) have mixed types. Specify dtype option on import or set low_memory=False.
/software/anaconda3.6/lib/python3.6/site-packages/numpy/lib/arraysetops.py:569: FutureWarning: elementwise comparison failed; returning scalar instead, but in the future will perform elementwise comparison
  mask |= (ar1 == a)
sys:1: DtypeWarning: Columns (18,20,24,28,30,32,34,36,38,55) have mixed types. Specify dtype option on import or set low_memory=False.
sys:1: DtypeWarning: Columns (18,20,28,30,32,34,36,38,40,55) have mixed types. Specify dtype option on import or set low_memory=False.
sys:1: DtypeWarning: Columns (18,20,30,32,34,36,38) have mixed types. Specify dtype option on import or set low_memory=False.
sys:1: DtypeWarning: Columns (18,20,30,34,36,38) have mixed types. Specify dtype option on import or set low_memory=False.
sys:1: DtypeWarning: Columns (18,20,36,38) have mixed types. Specify dtype option on import or set low_memory=False.
/home/zcw7438/.local/lib/python3.6/site-packages/pandas/core/ops/__init__.py:1115: FutureWarning: elementwise comparison failed; returning scalar instead, but in the future will perform elementwise comparison
  result = method(y)
error
         sugar
month         
1990-02   0.32
1990-03   0.34
1990-04   0.34
1990-05   0.32
1990-06   0.29
   Unnamed: 0       upc  dma_code  ...  upc_dma_code     distance  sugar
0           0  10000001       529  ...  10000001 529   372.617769    NaN
1           1  10000001       529  ...  10000001 529   372.617769    NaN
2           2  10000001       561  ...  10000001 561  1265.954500    NaN
3           3  10000001       618  ...  10000001 618  1626.333591    NaN
4           4  10000001       640  ...  10000001 640   850.837264    NaN

[5 rows x 38 columns]
error
         cocoa_beans
month               
2000-02         0.86
2000-03         0.93
2000-04         0.91
2000-05         0.92
2000-06         0.95
   Unnamed: 0       upc  dma_code  ...     distance  sugar  cocoa_beans
0           0  10000001       529  ...   372.617769    NaN          NaN
1           1  10000001       529  ...   372.617769    NaN          NaN
2           2  10000001       561  ...  1265.954500    NaN          NaN
3           3  10000001       618  ...  1626.333591    NaN          NaN
4           4  10000001       640  ...   850.837264    NaN          NaN

[5 rows x 39 columns]
upc                                 10000001
units                                      1
prmult                                     1
price                                      1
feature                                  NaN
display                                  NaN
month                                 200601
dma_code                                 529
sales                                      1
brand_code_uc                         642145
brand_descr                         SPANGLER
multi                                      1
size1_amount                               6
volume                                     6
upc_ver_uc                                 1
panel_year                              2006
flavor_code                                0
flavor_descr                             NaN
form_code                               2419
form_descr                             FRUIT
formula_code                               0
formula_descr                            NaN
container_code                             0
container_descr                          NaN
salt_content_code                        NaN
salt_content_descr                       NaN
style_code                                 0
style_descr                              NaN
type_code                              13794
type_descr                            BUBBLE
product_code                               0
product_descr                            NaN
variety_code                             765
variety_descr                  NON-CHOCOLATE
organic_claim_code                         1
organic_claim_descr                      NaN
usda_organic_seal_code                     1
usda_organic_seal_descr                  NaN
common_consumer_name_code                NaN
common_consumer_name_descr               NaN
strength_code                            NaN
strength_descr                           NaN
scent_code                               NaN
scent_descr                              NaN
dosage_code                              NaN
dosage_descr                             NaN
gender_code                              NaN
gender_descr                             NaN
target_skin_condition_code               NaN
target_skin_condition_descr              NaN
use_code                                 NaN
use_descr                                NaN
size2_code                               NaN
size2_amount                             NaN
size2_units                              NaN
year                                    2006
product                                CANDY
upc_year                       10000001 2006
mint                                       0
chocolate                                  0
Name: 0, dtype: object
upc                                               63000001
units                                                    2
prmult                                                   1
price                                                 0.94
feature                                                NaN
display                                                NaN
month                                               200702
dma_code                                               556
sales                                                 1.88
brand_code_uc                                       654958
brand_descr                                      TOO TARTS
multi                                                    1
size1_amount                                          0.75
volume                                                 1.5
upc_ver_uc                                               1
panel_year                                            2007
flavor_code                                              0
flavor_descr                                           NaN
form_code                                              277
form_descr                                          LIQUID
formula_code                                             0
formula_descr                                          NaN
container_code                                           0
container_descr                                        NaN
salt_content_code                                      NaN
salt_content_descr                                     NaN
style_code                                               0
style_descr                                            NaN
type_code                                                0
type_descr                                             NaN
product_code                                         74890
product_descr                  EXTRA SR VEWY CHR GOO CANDY
variety_code                                           765
variety_descr                                NON-CHOCOLATE
organic_claim_code                                       1
organic_claim_descr                                    NaN
usda_organic_seal_code                                   1
usda_organic_seal_descr                                NaN
common_consumer_name_code                              NaN
common_consumer_name_descr                             NaN
strength_code                                          NaN
strength_descr                                         NaN
scent_code                                             NaN
scent_descr                                            NaN
dosage_code                                            NaN
dosage_descr                                           NaN
gender_code                                            NaN
gender_descr                                           NaN
target_skin_condition_code                             NaN
target_skin_condition_descr                            NaN
use_code                                               NaN
use_descr                                              NaN
size2_code                                             NaN
size2_amount                                           NaN
size2_units                                            NaN
year                                                  2007
product                                              CANDY
upc_year                                     63000001 2007
mint                                                     0
chocolate                                                0
Name: 284900, dtype: object
upc                                               60901910
units                                                    2
prmult                                                   1
price                                                 2.24
feature                                                NaN
display                                                NaN
month                                               200801
dma_code                                               501
sales                                                 4.48
brand_code_uc                                       592105
brand_descr                                      MADELAINE
multi                                                    1
size1_amount                                             4
volume                                                   8
upc_ver_uc                                               1
panel_year                                            2008
flavor_code                                              0
flavor_descr                                           NaN
form_code                                             5811
form_descr                                      SOLID LEAF
formula_code                                             0
formula_descr                                          NaN
container_code                                           0
container_descr                                        NaN
salt_content_code                                      NaN
salt_content_descr                                     NaN
style_code                                               0
style_descr                                            NaN
type_code                                             2081
type_descr                                            MILK
product_code                                         34538
product_descr                                      CH LEAF
variety_code                                           456
variety_descr                                    CHOCOLATE
organic_claim_code                                       4
organic_claim_descr                             NOT STATED
usda_organic_seal_code                                   2
usda_organic_seal_descr        NO USDA ORGANIC SEAL ON PKG
common_consumer_name_code                              NaN
common_consumer_name_descr                             NaN
strength_code                                          NaN
strength_descr                                         NaN
scent_code                                             NaN
scent_descr                                            NaN
dosage_code                                            NaN
dosage_descr                                           NaN
gender_code                                            NaN
gender_descr                                           NaN
target_skin_condition_code                             NaN
target_skin_condition_descr                            NaN
use_code                                               NaN
use_descr                                              NaN
size2_code                                             NaN
size2_amount                                           NaN
size2_units                                            NaN
year                                                  2008
product                                              CANDY
upc_year                                     60901910 2008
mint                                                     0
chocolate                                                1
Name: 0, dtype: object
upc                                 10000001
units                                      1
prmult                                     1
price                                    0.5
feature                                  NaN
display                                  NaN
month                                 200902
dma_code                                 561
sales                                    0.5
brand_code_uc                         642145
brand_descr                         SPANGLER
multi                                      1
size1_amount                               6
volume                                     6
upc_ver_uc                                 1
panel_year                              2009
flavor_code                                0
flavor_descr                             NaN
form_code                               2419
form_descr                             FRUIT
formula_code                               0
formula_descr                            NaN
container_code                             0
container_descr                          NaN
salt_content_code                          0
salt_content_descr                       NaN
style_code                                 0
style_descr                              NaN
type_code                              13794
type_descr                            BUBBLE
product_code                               0
product_descr                            NaN
variety_code                             765
variety_descr                  NON-CHOCOLATE
organic_claim_code                         1
organic_claim_descr                      NaN
usda_organic_seal_code                     1
usda_organic_seal_descr                  NaN
common_consumer_name_code                NaN
common_consumer_name_descr               NaN
strength_code                            NaN
strength_descr                           NaN
scent_code                               NaN
scent_descr                              NaN
dosage_code                              NaN
dosage_descr                             NaN
gender_code                              NaN
gender_descr                             NaN
target_skin_condition_code               NaN
target_skin_condition_descr              NaN
use_code                                 NaN
use_descr                                NaN
size2_code                               NaN
size2_amount                             NaN
size2_units                              NaN
year                                    2009
product                                CANDY
upc_year                       10000001 2009
mint                                       0
chocolate                                  0
Name: 36117, dtype: object
upc                                        36005300
units                                            15
prmult                                            1
price                                          1.49
feature                                         NaN
display                                         NaN
month                                        200601
dma_code                                        501
sales                                         22.35
brand_code_uc                                546460
brand_descr                    ECO-DENT BETWEEN! CS
multi                                             1
size1_amount                                     12
volume                                          180
upc_ver_uc                                      NaN
panel_year                                      NaN
flavor_code                                     NaN
flavor_descr                                    NaN
form_code                                       NaN
form_descr                                      NaN
formula_code                                    NaN
formula_descr                                   NaN
container_code                                  NaN
container_descr                                 NaN
salt_content_code                               NaN
salt_content_descr                              NaN
style_code                                      NaN
style_descr                                     NaN
type_code                                       NaN
type_descr                                      NaN
product_code                                    NaN
product_descr                                   NaN
variety_code                                    NaN
variety_descr                                   NaN
organic_claim_code                              NaN
organic_claim_descr                             NaN
usda_organic_seal_code                          NaN
usda_organic_seal_descr                         NaN
common_consumer_name_code                       NaN
common_consumer_name_descr                      NaN
strength_code                                   NaN
strength_descr                                  NaN
scent_code                                      NaN
scent_descr                                     NaN
dosage_code                                     NaN
dosage_descr                                    NaN
gender_code                                     NaN
gender_descr                                    NaN
target_skin_condition_code                      NaN
target_skin_condition_descr                     NaN
use_code                                        NaN
use_descr                                       NaN
size2_code                                      NaN
size2_amount                                    NaN
size2_units                                     NaN
year                                           2006
product                                         GUM
upc_year                              36005300 2006
mint                                              0
chocolate                                         0
Name: 0, dtype: object
upc                                        36005300
units                                             2
prmult                                            1
price                                          1.99
feature                                         NaN
display                                         NaN
month                                        200701
dma_code                                        616
sales                                          3.98
brand_code_uc                                546460
brand_descr                    ECO-DENT BETWEEN! CS
multi                                             1
size1_amount                                     12
volume                                           24
upc_ver_uc                                        1
panel_year                                     2007
flavor_code                                   51180
flavor_descr                      NATURAL COOL MINT
form_code                                       378
form_descr                                    PIECE
formula_code                                      0
formula_descr                                   NaN
container_code                                    0
container_descr                                 NaN
salt_content_code                               NaN
salt_content_descr                              NaN
style_code                                        0
style_descr                                     NaN
type_code                                         0
type_descr                                      NaN
product_code                                      0
product_descr                                   NaN
variety_code                                      0
variety_descr                                   NaN
organic_claim_code                                1
organic_claim_descr                             NaN
usda_organic_seal_code                            1
usda_organic_seal_descr                         NaN
common_consumer_name_code                       NaN
common_consumer_name_descr                      NaN
strength_code                                   NaN
strength_descr                                  NaN
scent_code                                      NaN
scent_descr                                     NaN
dosage_code                                     NaN
dosage_descr                                    NaN
gender_code                                     NaN
gender_descr                                    NaN
target_skin_condition_code                      NaN
target_skin_condition_descr                     NaN
use_code                                        NaN
use_descr                                       NaN
size2_code                                      NaN
size2_amount                                    NaN
size2_units                                     NaN
year                                           2007
product                                         GUM
upc_year                              36005300 2007
mint                                              1
chocolate                                         0
Name: 0, dtype: object
upc                                        36005300
units                                             1
prmult                                            1
price                                          1.99
feature                                         NaN
display                                         NaN
month                                        200801
dma_code                                        616
sales                                          1.99
brand_code_uc                                546460
brand_descr                    ECO-DENT BETWEEN! CS
multi                                             1
size1_amount                                     12
volume                                           12
upc_ver_uc                                        1
panel_year                                     2008
flavor_code                                   51180
flavor_descr                      NATURAL COOL MINT
form_code                                       378
form_descr                                    PIECE
formula_code                                      0
formula_descr                                   NaN
container_code                                    0
container_descr                                 NaN
salt_content_code                               NaN
salt_content_descr                              NaN
style_code                                        0
style_descr                                     NaN
type_code                                         0
type_descr                                      NaN
product_code                                      0
product_descr                                   NaN
variety_code                                      0
variety_descr                                   NaN
organic_claim_code                                1
organic_claim_descr                             NaN
usda_organic_seal_code                            1
usda_organic_seal_descr                         NaN
common_consumer_name_code                       NaN
common_consumer_name_descr                      NaN
strength_code                                   NaN
strength_descr                                  NaN
scent_code                                      NaN
scent_descr                                     NaN
dosage_code                                     NaN
dosage_descr                                    NaN
gender_code                                     NaN
gender_descr                                    NaN
target_skin_condition_code                      NaN
target_skin_condition_descr                     NaN
use_code                                        NaN
use_descr                                       NaN
size2_code                                      NaN
size2_amount                                    NaN
size2_units                                     NaN
year                                           2008
product                                         GUM
upc_year                              36005300 2008
mint                                              1
chocolate                                         0
Name: 0, dtype: object
upc                                        36005300
units                                             1
prmult                                            1
price                                          1.99
feature                                         NaN
display                                         NaN
month                                        200901
dma_code                                        616
sales                                          1.99
brand_code_uc                                546460
brand_descr                    ECO-DENT BETWEEN! CS
multi                                             1
size1_amount                                     12
volume                                           12
upc_ver_uc                                        1
panel_year                                     2009
flavor_code                                   51180
flavor_descr                      NATURAL COOL MINT
form_code                                       378
form_descr                                    PIECE
formula_code                                      0
formula_descr                                   NaN
container_code                                    0
container_descr                                 NaN
salt_content_code                                 0
salt_content_descr                              NaN
style_code                                        0
style_descr                                     NaN
type_code                                         0
type_descr                                      NaN
product_code                                      0
product_descr                                   NaN
variety_code                                      0
variety_descr                                   NaN
organic_claim_code                                1
organic_claim_descr                             NaN
usda_organic_seal_code                            1
usda_organic_seal_descr                         NaN
common_consumer_name_code                       NaN
common_consumer_name_descr                      NaN
strength_code                                   NaN
strength_descr                                  NaN
scent_code                                      NaN
scent_descr                                     NaN
dosage_code                                     NaN
dosage_descr                                    NaN
gender_code                                     NaN
gender_descr                                    NaN
target_skin_condition_code                      NaN
target_skin_condition_descr                     NaN
use_code                                        NaN
use_descr                                       NaN
size2_code                                      NaN
size2_amount                                    NaN
size2_units                                     NaN
year                                           2009
product                                         GUM
upc_year                              36005300 2009
mint                                              1
chocolate                                         0
Name: 0, dtype: object
Unnamed: 0                                                 0
upc                                                 10000001
dma_code                                                 529
month                                                 200601
volume                                                     6
price                                               0.166667
size1_amount                                               6
size1_units                                               OZ
brand_descr                                         SPANGLER
owner initial                         Spangler Candy Company
owner last                            Spangler Candy Company
y-m-d                                             2006-01-01
year                                                    2006
# month                                                    1
volume_original_unit                                       6
market_size                                      1.00428e+07
market_size_DMA                                  3.71752e+07
market_share                                     1.61398e-07
postmerger                                                 0
month_since_start                                          0
involved                                                   0
involvedpostmerger                                         0
product-region                                  10000001 529
time                                                       0
cpiu                                                   198.3
price_index                                          1.30091
adjusted_price                                      0.216819
log_adjusted_price                                  -1.52869
hhinc_per_person_mean                                31051.7
hhinc_per_person_median                              24553.9
employment_rate                                     0.957055
adjusted_hhinc_per_person_mean                       40395.6
log_adjusted_hhinc_per_person_mean                   10.6065
log_employment_rate                               -0.0438942
product                                                CANDY
upc_dma_code                                    10000001 529
distance                                             372.618
sugar                                                    NaN
cocoa_beans                                              NaN
upc_year                                       10000001 2006
mint                                                       0
chocolate                                                  0
Name: 0, dtype: object
Unnamed: 0                                                 0
upc                                                 10000001
dma_code                                                 529
month                                                 200601
volume                                                     6
price                                               0.166667
size1_amount                                               6
size1_units                                               OZ
brand_descr                                         SPANGLER
owner initial                         Spangler Candy Company
owner last                            Spangler Candy Company
y-m-d                                             2006-01-01
year                                                    2006
# month                                                    1
volume_original_unit                                       6
market_size                                      1.00428e+07
market_size_DMA                                  3.71752e+07
market_share                                     1.61398e-07
postmerger                                                 0
month_since_start                                          0
involved                                                   0
involvedpostmerger                                         0
product-region                                  10000001 529
time                                                       0
cpiu                                                   198.3
price_index                                          1.30091
adjusted_price                                      0.216819
log_adjusted_price                                  -1.52869
hhinc_per_person_mean                                31051.7
hhinc_per_person_median                              24553.9
employment_rate                                     0.957055
adjusted_hhinc_per_person_mean                       40395.6
log_adjusted_hhinc_per_person_mean                   10.6065
log_employment_rate                               -0.0438942
product                                                CANDY
upc_dma_code                                    10000001 529
distance                                             372.618
sugar                                                    NaN
cocoa_beans                                              NaN
upc_year                                       10000001 2006
mint                                                       0
chocolate                                                  0
CANDY                                                      1
GUM                                                        0
Name: 0, dtype: object
