(2967807, 37)
Index(['Unnamed: 0', 'upc', 'dma_code', 'month', 'volume', 'price',
       'size1_amount', 'size1_units', 'brand_descr', 'owner initial',
       'owner last', 'y-m-d', 'year', '# month', 'market_size',
       'market_size_DMA', 'market_share', 'postmerger', 'month_since_start',
       'involved', 'involvedpostmerger', 'product-region', 'time', 'cpiu',
       'price_index', 'adjusted_price', 'log_adjusted_price',
       'hhinc_per_person_mean', 'hhinc_per_person_median', 'employment_rate',
       'adjusted_hhinc_per_person_mean', 'log_adjusted_hhinc_per_person_mean',
       'log_employment_rate', 'product', 'upc_dma_code', 'distance', 'y-m'],
      dtype='object')
['dma_code_month', 'adjusted_price', 'market_share', 'distance', 'y-m', 'product_ids']
  dma_code_month  adjusted_price  ...      y-m   product_ids
0      757200704        0.084249  ...  2007-04  15000002_757
1      757200705        0.083737  ...  2007-05  15000002_757
2      501200711        0.172859  ...  2007-11  15000003_501
3      501200712        0.172975  ...  2007-12  15000003_501
4      501200801        0.172119  ...  2008-01  15000003_501

[5 rows x 6 columns]
  market_ids    prices  ...     time   product_ids
0  757200704  0.084249  ...  2007-04  15000002_757
1  757200705  0.083737  ...  2007-05  15000002_757
2  501200711  0.172859  ...  2007-11  15000003_501
3  501200712  0.172975  ...  2007-12  15000003_501
4  501200801  0.172119  ...  2008-01  15000003_501

[5 rows x 6 columns]
Initializing the problem ...
Absorbing demand-side fixed effects ...
Initialized the problem after 00:02:26.

Dimensions:
===============================
 T       N      K1    MD    ED 
----  -------  ----  ----  ----
9721  2967807   1     1     2  
===============================

Formulations:
==================================
     Column Indices:          0   
--------------------------  ------
X1: Linear Characteristics  prices
==================================
Dimensions:
===============================
 T       N      K1    MD    ED 
----  -------  ----  ----  ----
9721  2967807   1     1     2  
===============================

Formulations:
==================================
     Column Indices:          0   
--------------------------  ------
X1: Linear Characteristics  prices
==================================
Solving the problem ...
Updating the weighting matrix ...
Computed results after 00:00:03.

Problem Results Summary:
=====================================
GMM     Objective    Weighting Matrix
Step      Value      Condition Number
----  -------------  ----------------
 1    +4.627085E-29   +1.000000E+00  
=====================================

Estimating standard errors ...
Computed results after 00:00:03.

Problem Results Summary:
=====================================
GMM     Objective    Weighting Matrix
Step      Value      Condition Number
----  -------------  ----------------
 2    +6.154332E-29   +1.000000E+00  
=====================================

Cumulative Statistics:
========================
Computation   Objective 
   Time      Evaluations
-----------  -----------
 00:00:06         2     
========================

Beta Estimates (Robust SEs in Parentheses):
===============
    prices     
---------------
 +3.593866E-01 
(+2.361272E+06)
===============
Problem Results Summary:
=====================================
GMM     Objective    Weighting Matrix
Step      Value      Condition Number
----  -------------  ----------------
 2    +6.154332E-29   +1.000000E+00  
=====================================

Cumulative Statistics:
========================
Computation   Objective 
   Time      Evaluations
-----------  -----------
 00:00:06         2     
========================

Beta Estimates (Robust SEs in Parentheses):
===============
    prices     
---------------
 +3.593866E-01 
(+2.361272E+06)
===============
