['2007' '2008' '2006']
(1721493, 38)
Index(['Unnamed: 0', 'upc', 'dma_code', 'month', 'volume', 'price',
       'size1_amount', 'size1_units', 'brand_descr', 'owner initial',
       'owner last', 'y-m-d', 'year', '# month', 'market_size',
       'market_size_DMA', 'market_share', 'postmerger', 'month_since_start',
       'involved', 'involvedpostmerger', 'product-region', 'time', 'cpiu',
       'price_index', 'adjusted_price', 'log_adjusted_price',
       'hhinc_per_person_mean', 'hhinc_per_person_median', 'employment_rate',
       'adjusted_hhinc_per_person_mean', 'log_adjusted_hhinc_per_person_mean',
       'log_employment_rate', 'product', 'upc_dma_code', 'distance', 'y-m',
       'style_descr'],
      dtype='object')
         Unnamed: 0         upc  dma_code  ...     distance      y-m  style_descr
1583267     1583267  4133103984       651  ...  1440.047204  2006-06     DOMESTIC
1583268     1583268  4133103984       651  ...  1440.047204  2006-07     DOMESTIC
1583269     1583269  4133103984       651  ...  1440.047204  2006-08     DOMESTIC
1583270     1583270  4133103984       651  ...  1440.047204  2006-11     DOMESTIC
1583271     1583271  4133103984       651  ...  1440.047204  2006-12     DOMESTIC
1583272     1583272  4133103984       651  ...  1440.047204  2007-03     DOMESTIC
1583273     1583273  4133103984       651  ...  1440.047204  2007-04     DOMESTIC
1583274     1583274  4133103984       651  ...  1440.047204  2007-06     DOMESTIC
1583275     1583275  4133103984       651  ...  1440.047204  2007-09     DOMESTIC
1583276     1583276  4133103984       651  ...  1440.047204  2007-11     DOMESTIC
1583277     1583277  4133103984       651  ...  1440.047204  2008-01     DOMESTIC
1583278     1583278  4133103984       651  ...  1440.047204  2008-02     DOMESTIC
1583279     1583279  4133103984       651  ...  1440.047204  2008-05     DOMESTIC
1583280     1583280  4133103984       651  ...  1440.047204  2008-06     DOMESTIC

[14 rows x 38 columns]
        time     wheat        t
0   7/1/1959  1.954636  1959-07
1   8/3/1959  1.958810  1959-08
2   9/1/1959  1.962905  1959-09
3  10/1/1959  1.981318  1959-10
4  11/2/1959  2.005690  1959-11
       time  barley        t
0  4/1/2000   76.95  2000-04
1  5/1/2000   78.26  2000-05
2  6/1/2000   78.48  2000-06
3  7/1/2000   78.68  2000-07
4  8/1/2000   75.13  2000-08
['dma_code_month', 'adjusted_price', 'market_share', 'upc', 'dma_code', 'owner initial', 'brand_descr', 'distance', 'month_since_start', 'style_descr', 'wheat', 'barley']
  dma_code_month  adjusted_price  ...     wheat      barley
0      500200601        0.134551  ...  4.356919  134.774562
1      501200601        0.127685  ...  4.356919  134.774562
2      502200601        0.113288  ...  4.356919  134.774562
3      503200601        0.109541  ...  4.356919  134.774562
4      504200601        0.129549  ...  4.356919  134.774562

[5 rows x 12 columns]
  market_ids    prices  ...  demand_instruments0  demand_instruments1
0  500200601  0.134551  ...             4.356919           134.774562
1  501200601  0.127685  ...             4.356919           134.774562
2  502200601  0.113288  ...             4.356919           134.774562
3  503200601  0.109541  ...             4.356919           134.774562
4  504200601  0.129549  ...             4.356919           134.774562

[5 rows x 12 columns]
['647200711' '548200706' '541200702' '632200611' '686200604' '508200801'
 '635200803' '641200710' '632200805' '632200802' '771200706' '549200604'
 '635200610' '516200710' '618200708' '790200612' '767200701' '643200612'
 '531200805' '582200605' '673200606' '521200708' '725200707' '633200606'
 '596200610' '641200706' '717200710' '754200701' '549200802' '642200610'
 '609200605' '820200706' '862200801' '510200602' '722200702' '756200702'
 '534200804' '605200610' '524200710' '603200603' '637200709' '639200704'
 '524200804' '539200607' '550200711' '555200612' '583200703' '855200704'
 '828200711' '597200607' '573200701' '592200711' '596200701' '528200708'
 '801200610' '762200712' '770200710' '548200712' '675200705' '616200601']
    market_ids    prices  ...  demand_instruments0  demand_instruments1
73   616200601  0.128153  ...             4.356919           134.774562
146  616200601  0.049171  ...             4.356919           134.774562
352  616200601  0.093488  ...             4.356919           134.774562
670  616200601  0.057430  ...             4.356919           134.774562
935  616200601  0.078282  ...             4.356919           134.774562

[5 rows x 12 columns]
