Requirement already satisfied: pandas in /hpc/software/anaconda3.6/lib/python3.6/site-packages (0.19.2)
Requirement already satisfied: python-dateutil>=2 in /hpc/software/anaconda3.6/lib/python3.6/site-packages (from pandas) (2.6.0)
Requirement already satisfied: pytz>=2011k in /hpc/software/anaconda3.6/lib/python3.6/site-packages (from pandas) (2016.10)
Requirement already satisfied: numpy>=1.7.0 in /hpc/software/anaconda3.6/lib/python3.6/site-packages (from pandas) (1.16.2)
Requirement already satisfied: six>=1.5 in /hpc/software/anaconda3.6/lib/python3.6/site-packages (from python-dateutil>=2->pandas) (1.10.0)
Requirement already satisfied: pandasql in /home/jds7480/.local/lib/python3.6/site-packages (0.7.3)
Requirement already satisfied: pandas in /hpc/software/anaconda3.6/lib/python3.6/site-packages (from pandasql) (0.19.2)
Requirement already satisfied: sqlalchemy in /hpc/software/anaconda3.6/lib/python3.6/site-packages (from pandasql) (1.1.5)
Requirement already satisfied: numpy in /hpc/software/anaconda3.6/lib/python3.6/site-packages (from pandasql) (1.16.2)
Requirement already satisfied: python-dateutil>=2 in /hpc/software/anaconda3.6/lib/python3.6/site-packages (from pandas->pandasql) (2.6.0)
Requirement already satisfied: pytz>=2011k in /hpc/software/anaconda3.6/lib/python3.6/site-packages (from pandas->pandasql) (2016.10)
Requirement already satisfied: six>=1.5 in /hpc/software/anaconda3.6/lib/python3.6/site-packages (from python-dateutil>=2->pandas->pandasql) (1.10.0)
Requirement already satisfied: numpy in /hpc/software/anaconda3.6/lib/python3.6/site-packages (1.16.2)
Requirement already satisfied: pyblp in /home/jds7480/.local/lib/python3.6/site-packages (0.10.0)
Requirement already satisfied: numpy>=1.16.0 in /hpc/software/anaconda3.6/lib/python3.6/site-packages (from pyblp) (1.16.2)
Requirement already satisfied: sympy>=1.1.0 in /home/jds7480/.local/lib/python3.6/site-packages (from pyblp) (1.6)
Requirement already satisfied: pyhdfe>=0.1.0 in /home/jds7480/.local/lib/python3.6/site-packages (from pyblp) (0.1.0)
Requirement already satisfied: scipy>=1.2.0 in /home/jds7480/.local/lib/python3.6/site-packages (from pyblp) (1.4.1)
Requirement already satisfied: patsy>=0.5.1 in /home/jds7480/.local/lib/python3.6/site-packages (from pyblp) (0.5.1)
Requirement already satisfied: mpmath>=0.19 in /hpc/software/anaconda3.6/lib/python3.6/site-packages (from sympy>=1.1.0->pyblp) (0.19)
Requirement already satisfied: six in /hpc/software/anaconda3.6/lib/python3.6/site-packages (from patsy>=0.5.1->pyblp) (1.10.0)
Requirement already satisfied: tqdm in /home/jds7480/.local/lib/python3.6/site-packages (4.46.1)
Requirement already satisfied: datetime in /home/jds7480/.local/lib/python3.6/site-packages (4.3)
Requirement already satisfied: zope.interface in /home/jds7480/.local/lib/python3.6/site-packages (from datetime) (5.1.0)
Requirement already satisfied: pytz in /hpc/software/anaconda3.6/lib/python3.6/site-packages (from datetime) (2016.10)
Requirement already satisfied: setuptools in /hpc/software/anaconda3.6/lib/python3.6/site-packages/setuptools-27.2.0-py3.6.egg (from zope.interface->datetime) (27.2.0)
