Requirement already up-to-date: pip in /home/zwd4137/.local/lib/python3.6/site-packages (20.2.2)
Requirement already up-to-date: pyblp in /home/zwd4137/.local/lib/python3.6/site-packages (0.10.1)
Requirement already satisfied, skipping upgrade: numpy>=1.16.0 in /home/zwd4137/.local/lib/python3.6/site-packages (from pyblp) (1.19.1)
Requirement already satisfied, skipping upgrade: sympy>=1.1.0 in /home/zwd4137/.local/lib/python3.6/site-packages (from pyblp) (1.6.1)
Requirement already satisfied, skipping upgrade: scipy>=1.2.0 in /home/zwd4137/.local/lib/python3.6/site-packages (from pyblp) (1.5.1)
Requirement already satisfied, skipping upgrade: pyhdfe>=0.1.0 in /home/zwd4137/.local/lib/python3.6/site-packages (from pyblp) (0.1.0)
Requirement already satisfied, skipping upgrade: patsy>=0.5.1 in /home/zwd4137/.local/lib/python3.6/site-packages (from pyblp) (0.5.1)
Requirement already satisfied, skipping upgrade: mpmath>=0.19 in /hpc/software/anaconda3.6/lib/python3.6/site-packages (from sympy>=1.1.0->pyblp) (0.19)
Requirement already satisfied, skipping upgrade: six in /hpc/software/anaconda3.6/lib/python3.6/site-packages (from patsy>=0.5.1->pyblp) (1.10.0)

Usage:   
  /software/anaconda3.6/bin/python -m pip install [options] <requirement specifier> [package-index-options] ...
  /software/anaconda3.6/bin/python -m pip install [options] -r <requirements file> [package-index-options] ...
  /software/anaconda3.6/bin/python -m pip install [options] [-e] <vcs project url> ...
  /software/anaconda3.6/bin/python -m pip install [options] [-e] <local project path> ...
  /software/anaconda3.6/bin/python -m pip install [options] <archive url/path> ...

no such option: --numpy

Usage:   
  /software/anaconda3.6/bin/python -m pip install [options] <requirement specifier> [package-index-options] ...
  /software/anaconda3.6/bin/python -m pip install [options] -r <requirements file> [package-index-options] ...
  /software/anaconda3.6/bin/python -m pip install [options] [-e] <vcs project url> ...
  /software/anaconda3.6/bin/python -m pip install [options] [-e] <local project path> ...
  /software/anaconda3.6/bin/python -m pip install [options] <archive url/path> ...

no such option: --pandas

Usage:   
  /software/anaconda3.6/bin/python -m pip install [options] <requirement specifier> [package-index-options] ...
  /software/anaconda3.6/bin/python -m pip install [options] -r <requirements file> [package-index-options] ...
  /software/anaconda3.6/bin/python -m pip install [options] [-e] <vcs project url> ...
  /software/anaconda3.6/bin/python -m pip install [options] [-e] <local project path> ...
  /software/anaconda3.6/bin/python -m pip install [options] <archive url/path> ...

no such option: --pandasql

Usage:   
  /software/anaconda3.6/bin/python -m pip install [options] <requirement specifier> [package-index-options] ...
  /software/anaconda3.6/bin/python -m pip install [options] -r <requirements file> [package-index-options] ...
  /software/anaconda3.6/bin/python -m pip install [options] [-e] <vcs project url> ...
  /software/anaconda3.6/bin/python -m pip install [options] [-e] <local project path> ...
  /software/anaconda3.6/bin/python -m pip install [options] <archive url/path> ...

no such option: --datetime

Usage:   
  /software/anaconda3.6/bin/python -m pip install [options] <requirement specifier> [package-index-options] ...
  /software/anaconda3.6/bin/python -m pip install [options] -r <requirements file> [package-index-options] ...
  /software/anaconda3.6/bin/python -m pip install [options] [-e] <vcs project url> ...
  /software/anaconda3.6/bin/python -m pip install [options] [-e] <local project path> ...
  /software/anaconda3.6/bin/python -m pip install [options] <archive url/path> ...

no such option: --tqdm

Usage:   
  /software/anaconda3.6/bin/python -m pip install [options] <requirement specifier> [package-index-options] ...
  /software/anaconda3.6/bin/python -m pip install [options] -r <requirements file> [package-index-options] ...
  /software/anaconda3.6/bin/python -m pip install [options] [-e] <vcs project url> ...
  /software/anaconda3.6/bin/python -m pip install [options] [-e] <local project path> ...
  /software/anaconda3.6/bin/python -m pip install [options] <archive url/path> ...

no such option: --pickle
Requirement already up-to-date: xlrd in /home/zwd4137/.local/lib/python3.6/site-packages (1.2.0)
Requirement already up-to-date: linearmodels in /home/zwd4137/.local/lib/python3.6/site-packages (4.17)
Requirement already satisfied, skipping upgrade: scipy>=1 in /home/zwd4137/.local/lib/python3.6/site-packages (from linearmodels) (1.5.1)
Requirement already satisfied, skipping upgrade: numpy>=1.15 in /home/zwd4137/.local/lib/python3.6/site-packages (from linearmodels) (1.19.1)
Requirement already satisfied, skipping upgrade: Cython>=0.29.14 in /home/zwd4137/.local/lib/python3.6/site-packages (from linearmodels) (0.29.21)
Requirement already satisfied, skipping upgrade: statsmodels>=0.9 in /home/zwd4137/.local/lib/python3.6/site-packages (from linearmodels) (0.11.1)
Requirement already satisfied, skipping upgrade: mypy-extensions>=0.4 in /home/zwd4137/.local/lib/python3.6/site-packages (from linearmodels) (0.4.3)
Requirement already satisfied, skipping upgrade: patsy in /home/zwd4137/.local/lib/python3.6/site-packages (from linearmodels) (0.5.1)
Requirement already satisfied, skipping upgrade: property-cached>=1.6.3 in /home/zwd4137/.local/lib/python3.6/site-packages (from linearmodels) (1.6.4)
Requirement already satisfied, skipping upgrade: pandas>=0.23 in /home/zwd4137/.local/lib/python3.6/site-packages (from linearmodels) (0.25.3)
Requirement already satisfied, skipping upgrade: six in /hpc/software/anaconda3.6/lib/python3.6/site-packages (from patsy->linearmodels) (1.10.0)
Requirement already satisfied, skipping upgrade: python-dateutil>=2.6.1 in /home/zwd4137/.local/lib/python3.6/site-packages (from pandas>=0.23->linearmodels) (2.8.1)
Requirement already satisfied, skipping upgrade: pytz>=2017.2 in /home/zwd4137/.local/lib/python3.6/site-packages (from pandas>=0.23->linearmodels) (2020.1)
/home/zwd4137/.local/lib/python3.6/site-packages/pandas/compat/_optional.py:106: UserWarning: Pandas requires version '1.2.1' or newer of 'bottleneck' (version '1.2.0' currently installed).
  warnings.warn(msg, UserWarning)
