<<<<<<< HEAD
store_aggregation_manual.py:108: SettingWithCopyWarning: 
A value is trying to be set on a copy of a slice from a DataFrame

See the caveats in the documentation: http://pandas.pydata.org/pandas-docs/stable/user_guide/indexing.html#returning-a-view-versus-a-copy
  these_units.conversion[these_units.convert == 0] = convertible.conversion[where_largest] * base_size / other_size
/home/mas4972/.local/lib/python3.6/site-packages/numpy/lib/arraysetops.py:580: FutureWarning: elementwise comparison failed; returning scalar instead, but in the future will perform elementwise comparison
  mask |= (ar1 == a)
0it [00:00, ?it/s]1it [00:01,  1.26s/it]1it [00:01,  1.26s/it]
0it [00:00, ?it/s]1it [00:01,  1.30s/it]1it [00:01,  1.30s/it]
0it [00:00, ?it/s]1it [00:01,  1.12s/it]1it [00:01,  1.12s/it]
0it [00:00, ?it/s]1it [00:01,  1.28s/it]1it [00:01,  1.28s/it]
0it [00:00, ?it/s]store_aggregation_manual.py:252: SettingWithCopyWarning: 
A value is trying to be set on a copy of a slice from a DataFrame.
Try using .loc[row_indexer,col_indexer] = value instead

See the caveats in the documentation: http://pandas.pydata.org/pandas-docs/stable/user_guide/indexing.html#returning-a-view-versus-a-copy
  data_chunk['dma_code'] = data_chunk['store_code_uc'].map(dma_map)
store_aggregation_manual.py:253: SettingWithCopyWarning: 
A value is trying to be set on a copy of a slice from a DataFrame.
Try using .loc[row_indexer,col_indexer] = value instead

See the caveats in the documentation: http://pandas.pydata.org/pandas-docs/stable/user_guide/indexing.html#returning-a-view-versus-a-copy
  data_chunk['sales'] = data_chunk['price'] * data_chunk['units'] / data_chunk['prmult']
store_aggregation_manual.py:254: SettingWithCopyWarning: 
A value is trying to be set on a copy of a slice from a DataFrame.
Try using .loc[row_indexer,col_indexer] = value instead

See the caveats in the documentation: http://pandas.pydata.org/pandas-docs/stable/user_guide/indexing.html#returning-a-view-versus-a-copy
  data_chunk['module'] = int(module)
store_aggregation_manual.py:255: SettingWithCopyWarning: 
A value is trying to be set on a copy of a slice from a DataFrame.
Try using .loc[row_indexer,col_indexer] = value instead

See the caveats in the documentation: http://pandas.pydata.org/pandas-docs/stable/user_guide/indexing.html#returning-a-view-versus-a-copy
  data_chunk['upc_ver_uc'] = data_chunk['upc'].map(upc_ver_map)
1it [00:01,  1.04s/it]1it [00:01,  1.04s/it]
/home/mas4972/.local/lib/python3.6/site-packages/pandas/core/generic.py:3946: PerformanceWarning: dropping on a non-lexsorted multi-index without a level parameter may impact performance.
  new_axis = axis.drop(labels, errors=errors)
=======
>>>>>>> 65a336d3ecf9e3f91217b7c973777682dad9d6b8
