  dma_code_month  dma_code  ...     sugar cocoa_beans
0     529 200601       529  ...  0.455319    2.042433
1     529 200603       529  ...  0.490636    2.001277
3     618 200601       618  ...  0.455319    2.042433
4     640 200602       640  ...  0.519318    2.012356
6     693 200603       693  ...  0.490636    2.001277

[5 rows x 12 columns]
Initializing the problem ...
Absorbing demand-side fixed effects ...
Initialized the problem after 00:05:12.

Dimensions:
=====================================
 T       N       F    K1    MD    ED 
----  --------  ---  ----  ----  ----
5740  15581618  89    3     5     2  
=====================================

Formulations:
=====================================================
     Column Indices:          0      1         2     
--------------------------  ------  ----  -----------
X1: Linear Characteristics  prices  time  nestedshare
=====================================================
Dimensions:
=====================================
 T       N       F    K1    MD    ED 
----  --------  ---  ----  ----  ----
5740  15581618  89    3     5     2  
=====================================

Formulations:
=====================================================
     Column Indices:          0      1         2     
--------------------------  ------  ----  -----------
X1: Linear Characteristics  prices  time  nestedshare
=====================================================
Solving the problem ...
Updating the weighting matrix ...
Computed results after 00:00:11.

Problem Results Summary:
=====================================
GMM     Objective    Weighting Matrix
Step      Value      Condition Number
----  -------------  ----------------
 1    +4.884652E+04   +1.242969E+08  
=====================================

Estimating standard errors ...
Computed results after 00:00:09.

Problem Results Summary:
========================================================
GMM     Objective    Weighting Matrix  Covariance Matrix
Step      Value      Condition Number  Condition Number 
----  -------------  ----------------  -----------------
 2    +4.696985E+04   +1.559607E+08      +5.680232E+05  
========================================================

Cumulative Statistics:
========================
Computation   Objective 
   Time      Evaluations
-----------  -----------
 00:00:21         2     
========================

Beta Estimates (Robust SEs in Parentheses):
=================================================
    prices            time          nestedshare  
---------------  ---------------  ---------------
 +2.284796E+00    +1.975203E-02    +9.896511E-01 
(+2.441860E-02)  (+5.727636E-05)  (+1.809021E-04)
=================================================
Problem Results Summary:
========================================================
GMM     Objective    Weighting Matrix  Covariance Matrix
Step      Value      Condition Number  Condition Number 
----  -------------  ----------------  -----------------
 2    +4.696985E+04   +1.559607E+08      +5.680232E+05  
========================================================

Cumulative Statistics:
========================
Computation   Objective 
   Time      Evaluations
-----------  -----------
 00:00:21         2     
========================

Beta Estimates (Robust SEs in Parentheses):
=================================================
    prices            time          nestedshare  
---------------  ---------------  ---------------
 +2.284796E+00    +1.975203E-02    +9.896511E-01 
(+2.441860E-02)  (+5.727636E-05)  (+1.809021E-04)
=================================================
