45 45 45 45
\begin{table}
\caption{}
\begin{center}
\begin{tabular}{lccc}
\hline
              &   (1)   &   (2)   &   (3)    \\
              &   pmm   &   pmm   &   pmm    \\
\midrule
post\_hhi     & -0.008  & 0.218   & -0.034   \\
              & (0.039) & (0.174) & (0.062)  \\
dhhi          & 0.098** & 0.608   & 0.150*   \\
              & (0.045) & (1.487) & (0.083)  \\
dhhi\_posthhi &         & -3.407  &          \\
              &         & (4.910) &          \\
post\_hhi2    &         & -0.268  &          \\
              &         & (0.172) &          \\
dhhi2         &         & 5.354   &          \\
              &         & (5.246) &          \\
c4            &         &         & 0.030    \\
              &         &         & (0.036)  \\
const         & 0.005   & -0.031  & -0.004   \\
              & (0.015) & (0.037) & (0.012)  \\
R-squared     & -0.028  & -0.047  & -0.041   \\
              & 0.019   & 0.072   & 0.030    \\
N             & 45      & 45      & 45       \\
\hline
\end{tabular}
\end{center}
\end{table}
\begin{table}
\caption{}
\begin{center}
\begin{tabular}{lccc}
\hline
              &   (1)   &   (2)   &   (3)    \\
              &   pmm   &   pmm   &   pmm    \\
\midrule
post\_hhi     & -0.050  & 0.220   & -0.091   \\
              & (0.040) & (0.174) & (0.071)  \\
dhhi          & 0.114*  & 0.538   & 0.178*   \\
              & (0.063) & (1.227) & (0.099)  \\
dhhi\_posthhi &         & -3.410  &          \\
              &         & (3.934) &          \\
post\_hhi2    &         & -0.303* &          \\
              &         & (0.163) &          \\
dhhi2         &         & 5.741   &          \\
              &         & (4.084) &          \\
c4            &         &         & 0.055    \\
              &         &         & (0.059)  \\
const         & 0.025   & -0.022  & 0.005    \\
              & (0.015) & (0.036) & (0.019)  \\
R-squared     & -0.012  & -0.012  & -0.004   \\
              & 0.034   & 0.103   & 0.064    \\
N             & 45      & 45      & 45       \\
\hline
\end{tabular}
\end{center}
\end{table}
